2022-01-14 16:24:34,570:INFO:PyCaret Supervised Module
2022-01-14 16:24:34,570:INFO:ML Usecase: classification
2022-01-14 16:24:34,570:INFO:version 2.2.2
2022-01-14 16:24:34,571:INFO:Initializing setup()
2022-01-14 16:24:34,571:INFO:setup(target=turnover, ml_usecase=classification, available_plots={'parameter': 'Hyperparameters', 'auc': 'AUC', 'confusion_matrix': 'Confusion Matrix', 'threshold': 'Threshold', 'pr': 'Precision Recall', 'error': 'Prediction Error', 'class_report': 'Class Report', 'rfe': 'Feature Selection', 'learning': 'Learning Curve', 'manifold': 'Manifold Learning', 'calibration': 'Calibration Curve', 'vc': 'Validation Curve', 'dimension': 'Dimensions', 'feature': 'Feature Importance', 'feature_all': 'Feature Importance (All)', 'boundary': 'Decision Boundary', 'lift': 'Lift Chart', 'gain': 'Gain Chart', 'tree': 'Decision Tree'}, train_size=0.7, test_data=None, preprocess=True, imputation_type=simple, iterative_imputation_iters=5, categorical_features=None, categorical_imputation=constant, categorical_iterative_imputer=lightgbm, ordinal_features=None, high_cardinality_features=None, high_cardinality_method=frequency, numeric_features=['yearsAtCompany'], numeric_imputation=mean, numeric_iterative_imputer=lightgbm, date_features=None, ignore_features=None, normalize=True, normalize_method=minmax, transformation=False, transformation_method=yeo-johnson, handle_unknown_categorical=True, unknown_categorical_method=least_frequent, pca=False, pca_method=linear, pca_components=None, ignore_low_variance=False, combine_rare_levels=False, rare_level_threshold=0.1, bin_numeric_features=None, remove_outliers=False, outliers_threshold=0.05, remove_multicollinearity=False, multicollinearity_threshold=0.9, remove_perfect_collinearity=True, create_clusters=False, cluster_iter=20, polynomial_features=False, polynomial_degree=2, trigonometry_features=False, polynomial_threshold=0.1, group_features=None, group_names=None, feature_selection=False, feature_selection_threshold=0.8, feature_selection_method=classic, feature_interaction=False, feature_ratio=False, interaction_threshold=0.01, fix_imbalance=True, fix_imbalance_method=None, transform_target=False, transform_target_method=box-cox, data_split_shuffle=True, data_split_stratify=True, fold_strategy=stratifiedkfold, fold=10, fold_shuffle=False, fold_groups=None, n_jobs=-1, use_gpu=False, custom_pipeline=None, html=True, session_id=None, log_experiment=False, experiment_name=None, log_plots=False, log_profile=False, log_data=False, silent=False, verbose=True, profile=False, profile_kwargs=None, display=None)
2022-01-14 16:24:34,571:INFO:Checking environment
2022-01-14 16:24:34,571:INFO:python_version: 3.9.7
2022-01-14 16:24:34,571:INFO:python_build: ('default', 'Sep 16 2021 13:09:58')
2022-01-14 16:24:34,572:INFO:machine: x86_64
2022-01-14 16:24:34,572:INFO:platform: Linux-5.4.0-94-generic-x86_64-with-glibc2.31
2022-01-14 16:24:34,572:INFO:Memory: svmem(total=4029423616, available=672821248, percent=83.3, used=2691416064, free=125435904, active=2266226688, inactive=1201446912, buffers=128634880, cached=1083936768, shared=410828800, slab=226226176)
2022-01-14 16:24:34,573:INFO:Physical Core: 2
2022-01-14 16:24:34,573:INFO:Logical Core: 4
2022-01-14 16:24:34,573:INFO:Checking libraries
2022-01-14 16:24:34,573:INFO:pd==1.3.4
2022-01-14 16:24:34,574:INFO:numpy==1.19.5
2022-01-14 16:24:34,574:INFO:sklearn==1.0.2
2022-01-14 16:24:35,322:INFO:xgboost==1.5.1
2022-01-14 16:24:35,322:INFO:lightgbm==3.3.2
2022-01-14 16:24:35,813:INFO:catboost==1.0.4
2022-01-14 16:24:39,287:INFO:mlflow==1.22.0
2022-01-14 16:24:39,287:INFO:Checking Exceptions
2022-01-14 16:24:39,288:INFO:Declaring global variables
2022-01-14 16:24:39,288:INFO:USI: af3c
2022-01-14 16:24:39,288:INFO:pycaret_globals: {'_all_models', 'USI', 'fix_imbalance_param', 'prep_pipe', 'X_test', 'create_model_container', 'y_train', 'n_jobs_param', 'transform_target_param', 'fix_imbalance_method_param', '_all_models_internal', 'display_container', 'seed', 'target_param', 'fold_param', 'experiment__', '_internal_pipeline', '_gpu_n_jobs_param', 'X_train', 'stratify_param', 'log_plots_param', 'imputation_classifier', 'y_test', 'fold_generator', 'fold_shuffle_param', 'imputation_regressor', 'logging_param', '_all_metrics', '_available_plots', 'master_model_container', 'X', 'iterative_imputation_iters_param', 'exp_name_log', 'y', 'html_param', 'transform_target_method_param', 'gpu_param', 'pycaret_globals', 'fold_groups_param', 'data_before_preprocess', '_ml_usecase'}
2022-01-14 16:24:39,288:INFO:Preparing display monitor
2022-01-14 16:24:39,288:INFO:Preparing display monitor
2022-01-14 16:24:39,316:INFO:Importing libraries
2022-01-14 16:24:39,316:INFO:Copying data for preprocessing
2022-01-14 16:24:39,334:INFO:Declaring preprocessing parameters
2022-01-14 16:24:39,338:INFO:Creating preprocessing pipeline
2022-01-14 16:24:39,365:INFO:Preprocessing pipeline created successfully
2022-01-14 16:24:39,366:ERROR:(Process Exit): setup has been interupted with user command 'quit'. setup must rerun.
2022-01-14 16:24:39,366:INFO:Creating global containers
2022-01-14 16:25:26,447:INFO:PyCaret Supervised Module
2022-01-14 16:25:26,447:INFO:ML Usecase: classification
2022-01-14 16:25:26,448:INFO:version 2.2.2
2022-01-14 16:25:26,448:INFO:Initializing setup()
2022-01-14 16:25:26,448:INFO:setup(target=turnover, ml_usecase=classification, available_plots={'parameter': 'Hyperparameters', 'auc': 'AUC', 'confusion_matrix': 'Confusion Matrix', 'threshold': 'Threshold', 'pr': 'Precision Recall', 'error': 'Prediction Error', 'class_report': 'Class Report', 'rfe': 'Feature Selection', 'learning': 'Learning Curve', 'manifold': 'Manifold Learning', 'calibration': 'Calibration Curve', 'vc': 'Validation Curve', 'dimension': 'Dimensions', 'feature': 'Feature Importance', 'feature_all': 'Feature Importance (All)', 'boundary': 'Decision Boundary', 'lift': 'Lift Chart', 'gain': 'Gain Chart', 'tree': 'Decision Tree'}, train_size=0.7, test_data=None, preprocess=True, imputation_type=simple, iterative_imputation_iters=5, categorical_features=None, categorical_imputation=constant, categorical_iterative_imputer=lightgbm, ordinal_features=None, high_cardinality_features=None, high_cardinality_method=frequency, numeric_features=['yearsAtCompany'], numeric_imputation=mean, numeric_iterative_imputer=lightgbm, date_features=None, ignore_features=None, normalize=True, normalize_method=minmax, transformation=False, transformation_method=yeo-johnson, handle_unknown_categorical=True, unknown_categorical_method=least_frequent, pca=False, pca_method=linear, pca_components=None, ignore_low_variance=False, combine_rare_levels=False, rare_level_threshold=0.1, bin_numeric_features=None, remove_outliers=False, outliers_threshold=0.05, remove_multicollinearity=False, multicollinearity_threshold=0.9, remove_perfect_collinearity=True, create_clusters=False, cluster_iter=20, polynomial_features=False, polynomial_degree=2, trigonometry_features=False, polynomial_threshold=0.1, group_features=None, group_names=None, feature_selection=False, feature_selection_threshold=0.8, feature_selection_method=classic, feature_interaction=False, feature_ratio=False, interaction_threshold=0.01, fix_imbalance=True, fix_imbalance_method=None, transform_target=False, transform_target_method=box-cox, data_split_shuffle=True, data_split_stratify=True, fold_strategy=stratifiedkfold, fold=10, fold_shuffle=False, fold_groups=None, n_jobs=-1, use_gpu=False, custom_pipeline=None, html=True, session_id=None, log_experiment=False, experiment_name=None, log_plots=False, log_profile=False, log_data=False, silent=False, verbose=True, profile=False, profile_kwargs=None, display=None)
2022-01-14 16:25:26,448:INFO:Checking environment
2022-01-14 16:25:26,448:INFO:python_version: 3.9.7
2022-01-14 16:25:26,449:INFO:python_build: ('default', 'Sep 16 2021 13:09:58')
2022-01-14 16:25:26,449:INFO:machine: x86_64
2022-01-14 16:25:26,449:INFO:platform: Linux-5.4.0-94-generic-x86_64-with-glibc2.31
2022-01-14 16:25:26,449:INFO:Memory: svmem(total=4029423616, available=748134400, percent=81.4, used=2616774656, free=191397888, active=2190213120, inactive=1219592192, buffers=129826816, cached=1091424256, shared=410021888, slab=226496512)
2022-01-14 16:25:26,450:INFO:Physical Core: 2
2022-01-14 16:25:26,450:INFO:Logical Core: 4
2022-01-14 16:25:26,450:INFO:Checking libraries
2022-01-14 16:25:26,450:INFO:pd==1.3.4
2022-01-14 16:25:26,450:INFO:numpy==1.19.5
2022-01-14 16:25:26,450:INFO:sklearn==1.0.2
2022-01-14 16:25:26,450:INFO:xgboost==1.5.1
2022-01-14 16:25:26,450:INFO:lightgbm==3.3.2
2022-01-14 16:25:26,450:INFO:catboost==1.0.4
2022-01-14 16:25:26,450:INFO:mlflow==1.22.0
2022-01-14 16:25:26,450:INFO:Checking Exceptions
2022-01-14 16:25:26,451:INFO:Declaring global variables
2022-01-14 16:25:26,451:INFO:USI: 0721
2022-01-14 16:25:26,451:INFO:pycaret_globals: {'_all_models', 'USI', 'fix_imbalance_param', 'prep_pipe', 'X_test', 'create_model_container', 'y_train', 'n_jobs_param', 'transform_target_param', 'fix_imbalance_method_param', '_all_models_internal', 'display_container', 'seed', 'target_param', 'fold_param', 'experiment__', '_internal_pipeline', '_gpu_n_jobs_param', 'X_train', 'stratify_param', 'log_plots_param', 'imputation_classifier', 'y_test', 'fold_generator', 'fold_shuffle_param', 'imputation_regressor', 'logging_param', '_all_metrics', '_available_plots', 'master_model_container', 'X', 'iterative_imputation_iters_param', 'exp_name_log', 'y', 'html_param', 'transform_target_method_param', 'gpu_param', 'pycaret_globals', 'fold_groups_param', 'data_before_preprocess', '_ml_usecase'}
2022-01-14 16:25:26,451:INFO:Preparing display monitor
2022-01-14 16:25:26,451:INFO:Preparing display monitor
2022-01-14 16:25:26,471:INFO:Importing libraries
2022-01-14 16:25:26,471:INFO:Copying data for preprocessing
2022-01-14 16:25:26,484:INFO:Declaring preprocessing parameters
2022-01-14 16:25:26,487:INFO:Creating preprocessing pipeline
2022-01-14 16:25:26,499:INFO:Preprocessing pipeline created successfully
2022-01-14 16:25:26,499:ERROR:(Process Exit): setup has been interupted with user command 'quit'. setup must rerun.
2022-01-14 16:25:26,500:INFO:Creating global containers
2022-01-14 16:26:21,349:INFO:PyCaret Supervised Module
2022-01-14 16:26:21,349:INFO:ML Usecase: classification
2022-01-14 16:26:21,350:INFO:version 2.2.2
2022-01-14 16:26:21,350:INFO:Initializing setup()
2022-01-14 16:26:21,350:INFO:setup(target=turnover, ml_usecase=classification, available_plots={'parameter': 'Hyperparameters', 'auc': 'AUC', 'confusion_matrix': 'Confusion Matrix', 'threshold': 'Threshold', 'pr': 'Precision Recall', 'error': 'Prediction Error', 'class_report': 'Class Report', 'rfe': 'Feature Selection', 'learning': 'Learning Curve', 'manifold': 'Manifold Learning', 'calibration': 'Calibration Curve', 'vc': 'Validation Curve', 'dimension': 'Dimensions', 'feature': 'Feature Importance', 'feature_all': 'Feature Importance (All)', 'boundary': 'Decision Boundary', 'lift': 'Lift Chart', 'gain': 'Gain Chart', 'tree': 'Decision Tree'}, train_size=0.7, test_data=None, preprocess=True, imputation_type=simple, iterative_imputation_iters=5, categorical_features=None, categorical_imputation=constant, categorical_iterative_imputer=lightgbm, ordinal_features=None, high_cardinality_features=None, high_cardinality_method=frequency, numeric_features=['yearsAtCompany'], numeric_imputation=mean, numeric_iterative_imputer=lightgbm, date_features=None, ignore_features=None, normalize=True, normalize_method=minmax, transformation=False, transformation_method=yeo-johnson, handle_unknown_categorical=True, unknown_categorical_method=least_frequent, pca=False, pca_method=linear, pca_components=None, ignore_low_variance=False, combine_rare_levels=False, rare_level_threshold=0.1, bin_numeric_features=None, remove_outliers=False, outliers_threshold=0.05, remove_multicollinearity=False, multicollinearity_threshold=0.9, remove_perfect_collinearity=True, create_clusters=False, cluster_iter=20, polynomial_features=False, polynomial_degree=2, trigonometry_features=False, polynomial_threshold=0.1, group_features=None, group_names=None, feature_selection=False, feature_selection_threshold=0.8, feature_selection_method=classic, feature_interaction=False, feature_ratio=False, interaction_threshold=0.01, fix_imbalance=True, fix_imbalance_method=None, transform_target=False, transform_target_method=box-cox, data_split_shuffle=True, data_split_stratify=True, fold_strategy=stratifiedkfold, fold=10, fold_shuffle=False, fold_groups=None, n_jobs=-1, use_gpu=False, custom_pipeline=None, html=True, session_id=None, log_experiment=False, experiment_name=None, log_plots=False, log_profile=False, log_data=False, silent=False, verbose=True, profile=False, profile_kwargs=None, display=None)
2022-01-14 16:26:21,350:INFO:Checking environment
2022-01-14 16:26:21,350:INFO:python_version: 3.9.7
2022-01-14 16:26:21,350:INFO:python_build: ('default', 'Sep 16 2021 13:09:58')
2022-01-14 16:26:21,351:INFO:machine: x86_64
2022-01-14 16:26:21,351:INFO:platform: Linux-5.4.0-94-generic-x86_64-with-glibc2.31
2022-01-14 16:26:21,352:INFO:Memory: svmem(total=4029423616, available=765915136, percent=81.0, used=2616700928, free=207302656, active=2192023552, inactive=1219170304, buffers=130228224, cached=1075191808, shared=392314880, slab=226402304)
2022-01-14 16:26:21,352:INFO:Physical Core: 2
2022-01-14 16:26:21,353:INFO:Logical Core: 4
2022-01-14 16:26:21,353:INFO:Checking libraries
2022-01-14 16:26:21,353:INFO:pd==1.3.4
2022-01-14 16:26:21,353:INFO:numpy==1.19.5
2022-01-14 16:26:21,353:INFO:sklearn==1.0.2
2022-01-14 16:26:21,353:INFO:xgboost==1.5.1
2022-01-14 16:26:21,353:INFO:lightgbm==3.3.2
2022-01-14 16:26:21,353:INFO:catboost==1.0.4
2022-01-14 16:26:21,353:INFO:mlflow==1.22.0
2022-01-14 16:26:21,353:INFO:Checking Exceptions
2022-01-14 16:26:21,354:INFO:Declaring global variables
2022-01-14 16:26:21,354:INFO:USI: fa0d
2022-01-14 16:26:21,354:INFO:pycaret_globals: {'_all_models', 'USI', 'fix_imbalance_param', 'prep_pipe', 'X_test', 'create_model_container', 'y_train', 'n_jobs_param', 'transform_target_param', 'fix_imbalance_method_param', '_all_models_internal', 'display_container', 'seed', 'target_param', 'fold_param', 'experiment__', '_internal_pipeline', '_gpu_n_jobs_param', 'X_train', 'stratify_param', 'log_plots_param', 'imputation_classifier', 'y_test', 'fold_generator', 'fold_shuffle_param', 'imputation_regressor', 'logging_param', '_all_metrics', '_available_plots', 'master_model_container', 'X', 'iterative_imputation_iters_param', 'exp_name_log', 'y', 'html_param', 'transform_target_method_param', 'gpu_param', 'pycaret_globals', 'fold_groups_param', 'data_before_preprocess', '_ml_usecase'}
2022-01-14 16:26:21,354:INFO:Preparing display monitor
2022-01-14 16:26:21,354:INFO:Preparing display monitor
2022-01-14 16:26:21,380:INFO:Importing libraries
2022-01-14 16:26:21,380:INFO:Copying data for preprocessing
2022-01-14 16:26:21,394:INFO:Declaring preprocessing parameters
2022-01-14 16:26:21,396:INFO:Creating preprocessing pipeline
2022-01-14 16:26:21,410:INFO:Preprocessing pipeline created successfully
2022-01-14 16:26:21,410:ERROR:(Process Exit): setup has been interupted with user command 'quit'. setup must rerun.
2022-01-14 16:26:21,410:INFO:Creating global containers
2022-01-14 16:27:13,599:INFO:PyCaret Supervised Module
2022-01-14 16:27:13,600:INFO:ML Usecase: classification
2022-01-14 16:27:13,600:INFO:version 2.2.2
2022-01-14 16:27:13,600:INFO:Initializing setup()
2022-01-14 16:27:13,601:INFO:setup(target=turnover, ml_usecase=classification, available_plots={'parameter': 'Hyperparameters', 'auc': 'AUC', 'confusion_matrix': 'Confusion Matrix', 'threshold': 'Threshold', 'pr': 'Precision Recall', 'error': 'Prediction Error', 'class_report': 'Class Report', 'rfe': 'Feature Selection', 'learning': 'Learning Curve', 'manifold': 'Manifold Learning', 'calibration': 'Calibration Curve', 'vc': 'Validation Curve', 'dimension': 'Dimensions', 'feature': 'Feature Importance', 'feature_all': 'Feature Importance (All)', 'boundary': 'Decision Boundary', 'lift': 'Lift Chart', 'gain': 'Gain Chart', 'tree': 'Decision Tree'}, train_size=0.7, test_data=None, preprocess=True, imputation_type=simple, iterative_imputation_iters=5, categorical_features=None, categorical_imputation=constant, categorical_iterative_imputer=lightgbm, ordinal_features=None, high_cardinality_features=None, high_cardinality_method=frequency, numeric_features=['yearsAtCompany'], numeric_imputation=mean, numeric_iterative_imputer=lightgbm, date_features=None, ignore_features=None, normalize=True, normalize_method=minmax, transformation=False, transformation_method=yeo-johnson, handle_unknown_categorical=True, unknown_categorical_method=least_frequent, pca=False, pca_method=linear, pca_components=None, ignore_low_variance=False, combine_rare_levels=False, rare_level_threshold=0.1, bin_numeric_features=None, remove_outliers=False, outliers_threshold=0.05, remove_multicollinearity=False, multicollinearity_threshold=0.9, remove_perfect_collinearity=True, create_clusters=False, cluster_iter=20, polynomial_features=False, polynomial_degree=2, trigonometry_features=False, polynomial_threshold=0.1, group_features=None, group_names=None, feature_selection=False, feature_selection_threshold=0.8, feature_selection_method=classic, feature_interaction=False, feature_ratio=False, interaction_threshold=0.01, fix_imbalance=True, fix_imbalance_method=None, transform_target=False, transform_target_method=box-cox, data_split_shuffle=True, data_split_stratify=True, fold_strategy=stratifiedkfold, fold=10, fold_shuffle=False, fold_groups=None, n_jobs=-1, use_gpu=False, custom_pipeline=None, html=True, session_id=None, log_experiment=False, experiment_name=None, log_plots=False, log_profile=False, log_data=False, silent=False, verbose=True, profile=False, profile_kwargs=None, display=None)
2022-01-14 16:27:13,601:INFO:Checking environment
2022-01-14 16:27:13,601:INFO:python_version: 3.9.7
2022-01-14 16:27:13,601:INFO:python_build: ('default', 'Sep 16 2021 13:09:58')
2022-01-14 16:27:13,602:INFO:machine: x86_64
2022-01-14 16:27:13,603:INFO:platform: Linux-5.4.0-94-generic-x86_64-with-glibc2.31
2022-01-14 16:27:13,603:INFO:Memory: svmem(total=4029423616, available=705007616, percent=82.5, used=2677006336, free=144834560, active=2253008896, inactive=1218076672, buffers=130613248, cached=1076969472, shared=392904704, slab=226381824)
2022-01-14 16:27:13,604:INFO:Physical Core: 2
2022-01-14 16:27:13,604:INFO:Logical Core: 4
2022-01-14 16:27:13,604:INFO:Checking libraries
2022-01-14 16:27:13,604:INFO:pd==1.3.4
2022-01-14 16:27:13,604:INFO:numpy==1.19.5
2022-01-14 16:27:13,604:INFO:sklearn==1.0.2
2022-01-14 16:27:13,604:INFO:xgboost==1.5.1
2022-01-14 16:27:13,604:INFO:lightgbm==3.3.2
2022-01-14 16:27:13,604:INFO:catboost==1.0.4
2022-01-14 16:27:13,605:INFO:mlflow==1.22.0
2022-01-14 16:27:13,605:INFO:Checking Exceptions
2022-01-14 16:27:13,605:INFO:Declaring global variables
2022-01-14 16:27:13,605:INFO:USI: 0e33
2022-01-14 16:27:13,606:INFO:pycaret_globals: {'_all_models', 'USI', 'fix_imbalance_param', 'prep_pipe', 'X_test', 'create_model_container', 'y_train', 'n_jobs_param', 'transform_target_param', 'fix_imbalance_method_param', '_all_models_internal', 'display_container', 'seed', 'target_param', 'fold_param', 'experiment__', '_internal_pipeline', '_gpu_n_jobs_param', 'X_train', 'stratify_param', 'log_plots_param', 'imputation_classifier', 'y_test', 'fold_generator', 'fold_shuffle_param', 'imputation_regressor', 'logging_param', '_all_metrics', '_available_plots', 'master_model_container', 'X', 'iterative_imputation_iters_param', 'exp_name_log', 'y', 'html_param', 'transform_target_method_param', 'gpu_param', 'pycaret_globals', 'fold_groups_param', 'data_before_preprocess', '_ml_usecase'}
2022-01-14 16:27:13,606:INFO:Preparing display monitor
2022-01-14 16:27:13,606:INFO:Preparing display monitor
2022-01-14 16:27:13,631:INFO:Importing libraries
2022-01-14 16:27:13,631:INFO:Copying data for preprocessing
2022-01-14 16:27:13,642:INFO:Declaring preprocessing parameters
2022-01-14 16:27:13,644:INFO:Creating preprocessing pipeline
2022-01-14 16:27:13,655:INFO:Preprocessing pipeline created successfully
2022-01-14 16:27:13,655:ERROR:(Process Exit): setup has been interupted with user command 'quit'. setup must rerun.
2022-01-14 16:27:13,656:INFO:Creating global containers
2022-01-14 16:28:01,795:INFO:PyCaret Supervised Module
2022-01-14 16:28:01,795:INFO:ML Usecase: classification
2022-01-14 16:28:01,795:INFO:version 2.2.2
2022-01-14 16:28:01,795:INFO:Initializing setup()
2022-01-14 16:28:01,795:INFO:setup(target=turnover, ml_usecase=classification, available_plots={'parameter': 'Hyperparameters', 'auc': 'AUC', 'confusion_matrix': 'Confusion Matrix', 'threshold': 'Threshold', 'pr': 'Precision Recall', 'error': 'Prediction Error', 'class_report': 'Class Report', 'rfe': 'Feature Selection', 'learning': 'Learning Curve', 'manifold': 'Manifold Learning', 'calibration': 'Calibration Curve', 'vc': 'Validation Curve', 'dimension': 'Dimensions', 'feature': 'Feature Importance', 'feature_all': 'Feature Importance (All)', 'boundary': 'Decision Boundary', 'lift': 'Lift Chart', 'gain': 'Gain Chart', 'tree': 'Decision Tree'}, train_size=0.7, test_data=None, preprocess=True, imputation_type=simple, iterative_imputation_iters=5, categorical_features=None, categorical_imputation=constant, categorical_iterative_imputer=lightgbm, ordinal_features=None, high_cardinality_features=None, high_cardinality_method=frequency, numeric_features=['yearsAtCompany'], numeric_imputation=mean, numeric_iterative_imputer=lightgbm, date_features=None, ignore_features=None, normalize=True, normalize_method=minmax, transformation=False, transformation_method=yeo-johnson, handle_unknown_categorical=True, unknown_categorical_method=least_frequent, pca=False, pca_method=linear, pca_components=None, ignore_low_variance=False, combine_rare_levels=False, rare_level_threshold=0.1, bin_numeric_features=None, remove_outliers=False, outliers_threshold=0.05, remove_multicollinearity=False, multicollinearity_threshold=0.9, remove_perfect_collinearity=True, create_clusters=False, cluster_iter=20, polynomial_features=False, polynomial_degree=2, trigonometry_features=False, polynomial_threshold=0.1, group_features=None, group_names=None, feature_selection=False, feature_selection_threshold=0.8, feature_selection_method=classic, feature_interaction=False, feature_ratio=False, interaction_threshold=0.01, fix_imbalance=True, fix_imbalance_method=None, transform_target=False, transform_target_method=box-cox, data_split_shuffle=True, data_split_stratify=True, fold_strategy=stratifiedkfold, fold=10, fold_shuffle=False, fold_groups=None, n_jobs=-1, use_gpu=False, custom_pipeline=None, html=True, session_id=None, log_experiment=False, experiment_name=None, log_plots=False, log_profile=False, log_data=False, silent=False, verbose=True, profile=False, profile_kwargs=None, display=None)
2022-01-14 16:28:01,795:INFO:Checking environment
2022-01-14 16:28:01,796:INFO:python_version: 3.9.7
2022-01-14 16:28:01,796:INFO:python_build: ('default', 'Sep 16 2021 13:09:58')
2022-01-14 16:28:01,796:INFO:machine: x86_64
2022-01-14 16:28:01,796:INFO:platform: Linux-5.4.0-94-generic-x86_64-with-glibc2.31
2022-01-14 16:28:01,798:INFO:Memory: svmem(total=4029423616, available=894189568, percent=77.8, used=2459443200, free=319627264, active=2031468544, inactive=1235030016, buffers=131821568, cached=1118531584, shared=421281792, slab=225452032)
2022-01-14 16:28:01,798:INFO:Physical Core: 2
2022-01-14 16:28:01,798:INFO:Logical Core: 4
2022-01-14 16:28:01,799:INFO:Checking libraries
2022-01-14 16:28:01,799:INFO:pd==1.3.4
2022-01-14 16:28:01,799:INFO:numpy==1.19.5
2022-01-14 16:28:01,799:INFO:sklearn==1.0.2
2022-01-14 16:28:01,799:INFO:xgboost==1.5.1
2022-01-14 16:28:01,799:INFO:lightgbm==3.3.2
2022-01-14 16:28:01,799:INFO:catboost==1.0.4
2022-01-14 16:28:01,799:INFO:mlflow==1.22.0
2022-01-14 16:28:01,799:INFO:Checking Exceptions
2022-01-14 16:28:01,799:INFO:Declaring global variables
2022-01-14 16:28:01,799:INFO:USI: 6dad
2022-01-14 16:28:01,799:INFO:pycaret_globals: {'_all_models', 'USI', 'fix_imbalance_param', 'prep_pipe', 'X_test', 'create_model_container', 'y_train', 'n_jobs_param', 'transform_target_param', 'fix_imbalance_method_param', '_all_models_internal', 'display_container', 'seed', 'target_param', 'fold_param', 'experiment__', '_internal_pipeline', '_gpu_n_jobs_param', 'X_train', 'stratify_param', 'log_plots_param', 'imputation_classifier', 'y_test', 'fold_generator', 'fold_shuffle_param', 'imputation_regressor', 'logging_param', '_all_metrics', '_available_plots', 'master_model_container', 'X', 'iterative_imputation_iters_param', 'exp_name_log', 'y', 'html_param', 'transform_target_method_param', 'gpu_param', 'pycaret_globals', 'fold_groups_param', 'data_before_preprocess', '_ml_usecase'}
2022-01-14 16:28:01,799:INFO:Preparing display monitor
2022-01-14 16:28:01,799:INFO:Preparing display monitor
2022-01-14 16:28:01,816:INFO:Importing libraries
2022-01-14 16:28:01,816:INFO:Copying data for preprocessing
2022-01-14 16:28:01,832:INFO:Declaring preprocessing parameters
2022-01-14 16:28:01,834:INFO:Creating preprocessing pipeline
2022-01-14 16:28:01,847:INFO:Preprocessing pipeline created successfully
2022-01-14 16:28:01,847:ERROR:(Process Exit): setup has been interupted with user command 'quit'. setup must rerun.
2022-01-14 16:28:01,847:INFO:Creating global containers
2022-01-14 16:28:30,863:INFO:PyCaret Supervised Module
2022-01-14 16:28:30,864:INFO:ML Usecase: classification
2022-01-14 16:28:30,865:INFO:version 2.2.2
2022-01-14 16:28:30,865:INFO:Initializing setup()
2022-01-14 16:28:30,865:INFO:setup(target=turnover, ml_usecase=classification, available_plots={'parameter': 'Hyperparameters', 'auc': 'AUC', 'confusion_matrix': 'Confusion Matrix', 'threshold': 'Threshold', 'pr': 'Precision Recall', 'error': 'Prediction Error', 'class_report': 'Class Report', 'rfe': 'Feature Selection', 'learning': 'Learning Curve', 'manifold': 'Manifold Learning', 'calibration': 'Calibration Curve', 'vc': 'Validation Curve', 'dimension': 'Dimensions', 'feature': 'Feature Importance', 'feature_all': 'Feature Importance (All)', 'boundary': 'Decision Boundary', 'lift': 'Lift Chart', 'gain': 'Gain Chart', 'tree': 'Decision Tree'}, train_size=0.7, test_data=None, preprocess=True, imputation_type=simple, iterative_imputation_iters=5, categorical_features=None, categorical_imputation=constant, categorical_iterative_imputer=lightgbm, ordinal_features=None, high_cardinality_features=None, high_cardinality_method=frequency, numeric_features=['yearsAtCompany'], numeric_imputation=mean, numeric_iterative_imputer=lightgbm, date_features=None, ignore_features=None, normalize=True, normalize_method=minmax, transformation=False, transformation_method=yeo-johnson, handle_unknown_categorical=True, unknown_categorical_method=least_frequent, pca=False, pca_method=linear, pca_components=None, ignore_low_variance=False, combine_rare_levels=False, rare_level_threshold=0.1, bin_numeric_features=None, remove_outliers=False, outliers_threshold=0.05, remove_multicollinearity=False, multicollinearity_threshold=0.9, remove_perfect_collinearity=True, create_clusters=False, cluster_iter=20, polynomial_features=False, polynomial_degree=2, trigonometry_features=False, polynomial_threshold=0.1, group_features=None, group_names=None, feature_selection=False, feature_selection_threshold=0.8, feature_selection_method=classic, feature_interaction=False, feature_ratio=False, interaction_threshold=0.01, fix_imbalance=True, fix_imbalance_method=None, transform_target=False, transform_target_method=box-cox, data_split_shuffle=True, data_split_stratify=True, fold_strategy=stratifiedkfold, fold=10, fold_shuffle=True, fold_groups=None, n_jobs=-1, use_gpu=False, custom_pipeline=None, html=True, session_id=None, log_experiment=False, experiment_name=None, log_plots=False, log_profile=False, log_data=False, silent=False, verbose=True, profile=False, profile_kwargs=None, display=None)
2022-01-14 16:28:30,865:INFO:Checking environment
2022-01-14 16:28:30,865:INFO:python_version: 3.9.7
2022-01-14 16:28:30,865:INFO:python_build: ('default', 'Sep 16 2021 13:09:58')
2022-01-14 16:28:30,865:INFO:machine: x86_64
2022-01-14 16:28:30,865:INFO:platform: Linux-5.4.0-94-generic-x86_64-with-glibc2.31
2022-01-14 16:28:30,865:INFO:Memory: svmem(total=4029423616, available=880140288, percent=78.2, used=2465107968, free=305156096, active=2034147328, inactive=1236316160, buffers=132055040, cached=1127104512, shared=429694976, slab=225472512)
2022-01-14 16:28:30,866:INFO:Physical Core: 2
2022-01-14 16:28:30,866:INFO:Logical Core: 4
2022-01-14 16:28:30,866:INFO:Checking libraries
2022-01-14 16:28:30,866:INFO:pd==1.3.4
2022-01-14 16:28:30,866:INFO:numpy==1.19.5
2022-01-14 16:28:30,867:INFO:sklearn==1.0.2
2022-01-14 16:28:30,867:INFO:xgboost==1.5.1
2022-01-14 16:28:30,867:INFO:lightgbm==3.3.2
2022-01-14 16:28:30,867:INFO:catboost==1.0.4
2022-01-14 16:28:30,867:INFO:mlflow==1.22.0
2022-01-14 16:28:30,867:INFO:Checking Exceptions
2022-01-14 16:28:30,868:INFO:Declaring global variables
2022-01-14 16:28:30,868:INFO:USI: 49b3
2022-01-14 16:28:30,868:INFO:pycaret_globals: {'_all_models', 'USI', 'fix_imbalance_param', 'prep_pipe', 'X_test', 'create_model_container', 'y_train', 'n_jobs_param', 'transform_target_param', 'fix_imbalance_method_param', '_all_models_internal', 'display_container', 'seed', 'target_param', 'fold_param', 'experiment__', '_internal_pipeline', '_gpu_n_jobs_param', 'X_train', 'stratify_param', 'log_plots_param', 'imputation_classifier', 'y_test', 'fold_generator', 'fold_shuffle_param', 'imputation_regressor', 'logging_param', '_all_metrics', '_available_plots', 'master_model_container', 'X', 'iterative_imputation_iters_param', 'exp_name_log', 'y', 'html_param', 'transform_target_method_param', 'gpu_param', 'pycaret_globals', 'fold_groups_param', 'data_before_preprocess', '_ml_usecase'}
2022-01-14 16:28:30,868:INFO:Preparing display monitor
2022-01-14 16:28:30,868:INFO:Preparing display monitor
2022-01-14 16:28:30,891:INFO:Importing libraries
2022-01-14 16:28:30,892:INFO:Copying data for preprocessing
2022-01-14 16:28:30,908:INFO:Declaring preprocessing parameters
2022-01-14 16:28:30,911:INFO:Creating preprocessing pipeline
2022-01-14 16:28:30,923:INFO:Preprocessing pipeline created successfully
2022-01-14 16:28:30,923:ERROR:(Process Exit): setup has been interupted with user command 'quit'. setup must rerun.
2022-01-14 16:28:30,924:INFO:Creating global containers
2022-01-14 16:28:30,926:INFO:Internal pipeline: Pipeline(memory=None,
         steps=[('fix_imbalance',
                 SMOTE(k_neighbors=5, n_jobs=None, random_state=3821,
                       sampling_strategy='auto'))],
         verbose=False)
2022-01-14 16:28:43,243:INFO:Creating grid variables
2022-01-14 16:28:43,269:INFO:create_model_container: 0
2022-01-14 16:28:43,269:INFO:master_model_container: 0
2022-01-14 16:28:43,269:INFO:display_container: 0
2022-01-14 16:28:54,426:INFO:PyCaret Supervised Module
2022-01-14 16:28:54,426:INFO:ML Usecase: classification
2022-01-14 16:28:54,426:INFO:version 2.2.2
2022-01-14 16:28:54,426:INFO:Initializing setup()
2022-01-14 16:28:54,426:INFO:setup(target=turnover, ml_usecase=classification, available_plots={'parameter': 'Hyperparameters', 'auc': 'AUC', 'confusion_matrix': 'Confusion Matrix', 'threshold': 'Threshold', 'pr': 'Precision Recall', 'error': 'Prediction Error', 'class_report': 'Class Report', 'rfe': 'Feature Selection', 'learning': 'Learning Curve', 'manifold': 'Manifold Learning', 'calibration': 'Calibration Curve', 'vc': 'Validation Curve', 'dimension': 'Dimensions', 'feature': 'Feature Importance', 'feature_all': 'Feature Importance (All)', 'boundary': 'Decision Boundary', 'lift': 'Lift Chart', 'gain': 'Gain Chart', 'tree': 'Decision Tree'}, train_size=0.7, test_data=None, preprocess=True, imputation_type=simple, iterative_imputation_iters=5, categorical_features=None, categorical_imputation=constant, categorical_iterative_imputer=lightgbm, ordinal_features=None, high_cardinality_features=None, high_cardinality_method=frequency, numeric_features=['yearsAtCompany'], numeric_imputation=mean, numeric_iterative_imputer=lightgbm, date_features=None, ignore_features=None, normalize=True, normalize_method=minmax, transformation=False, transformation_method=yeo-johnson, handle_unknown_categorical=True, unknown_categorical_method=least_frequent, pca=False, pca_method=linear, pca_components=None, ignore_low_variance=False, combine_rare_levels=False, rare_level_threshold=0.1, bin_numeric_features=None, remove_outliers=False, outliers_threshold=0.05, remove_multicollinearity=False, multicollinearity_threshold=0.9, remove_perfect_collinearity=True, create_clusters=False, cluster_iter=20, polynomial_features=False, polynomial_degree=2, trigonometry_features=False, polynomial_threshold=0.1, group_features=None, group_names=None, feature_selection=False, feature_selection_threshold=0.8, feature_selection_method=classic, feature_interaction=False, feature_ratio=False, interaction_threshold=0.01, fix_imbalance=True, fix_imbalance_method=None, transform_target=False, transform_target_method=box-cox, data_split_shuffle=True, data_split_stratify=True, fold_strategy=stratifiedkfold, fold=10, fold_shuffle=True, fold_groups=None, n_jobs=-1, use_gpu=False, custom_pipeline=None, html=True, session_id=None, log_experiment=False, experiment_name=None, log_plots=False, log_profile=False, log_data=False, silent=False, verbose=True, profile=False, profile_kwargs=None, display=None)
2022-01-14 16:28:54,426:INFO:Checking environment
2022-01-14 16:28:54,426:INFO:python_version: 3.9.7
2022-01-14 16:28:54,426:INFO:python_build: ('default', 'Sep 16 2021 13:09:58')
2022-01-14 16:28:54,427:INFO:machine: x86_64
2022-01-14 16:28:54,427:INFO:platform: Linux-5.4.0-94-generic-x86_64-with-glibc2.31
2022-01-14 16:28:54,428:INFO:Memory: svmem(total=4029423616, available=888610816, percent=77.9, used=2473590784, free=311832576, active=2042101760, inactive=1228423168, buffers=132304896, cached=1111695360, shared=412704768, slab=225411072)
2022-01-14 16:28:54,428:INFO:Physical Core: 2
2022-01-14 16:28:54,429:INFO:Logical Core: 4
2022-01-14 16:28:54,429:INFO:Checking libraries
2022-01-14 16:28:54,429:INFO:pd==1.3.4
2022-01-14 16:28:54,429:INFO:numpy==1.19.5
2022-01-14 16:28:54,429:INFO:sklearn==1.0.2
2022-01-14 16:28:54,429:INFO:xgboost==1.5.1
2022-01-14 16:28:54,429:INFO:lightgbm==3.3.2
2022-01-14 16:28:54,429:INFO:catboost==1.0.4
2022-01-14 16:28:54,429:INFO:mlflow==1.22.0
2022-01-14 16:28:54,429:INFO:Checking Exceptions
2022-01-14 16:28:54,429:INFO:Declaring global variables
2022-01-14 16:28:54,429:INFO:USI: fd5f
2022-01-14 16:28:54,429:INFO:pycaret_globals: {'_all_models', 'USI', 'fix_imbalance_param', 'prep_pipe', 'X_test', 'create_model_container', 'y_train', 'n_jobs_param', 'transform_target_param', 'fix_imbalance_method_param', '_all_models_internal', 'display_container', 'seed', 'target_param', 'fold_param', 'experiment__', '_internal_pipeline', '_gpu_n_jobs_param', 'X_train', 'stratify_param', 'log_plots_param', 'imputation_classifier', 'y_test', 'fold_generator', 'fold_shuffle_param', 'imputation_regressor', 'logging_param', '_all_metrics', '_available_plots', 'master_model_container', 'X', 'iterative_imputation_iters_param', 'exp_name_log', 'y', 'html_param', 'transform_target_method_param', 'gpu_param', 'pycaret_globals', 'fold_groups_param', 'data_before_preprocess', '_ml_usecase'}
2022-01-14 16:28:54,429:INFO:Preparing display monitor
2022-01-14 16:28:54,430:INFO:Preparing display monitor
2022-01-14 16:28:54,448:INFO:Importing libraries
2022-01-14 16:28:54,449:INFO:Copying data for preprocessing
2022-01-14 16:28:54,462:INFO:Declaring preprocessing parameters
2022-01-14 16:28:54,464:INFO:Creating preprocessing pipeline
2022-01-14 16:28:54,475:INFO:Preprocessing pipeline created successfully
2022-01-14 16:28:54,475:ERROR:(Process Exit): setup has been interupted with user command 'quit'. setup must rerun.
2022-01-14 16:28:54,475:INFO:Creating global containers
2022-01-14 16:28:54,477:INFO:Internal pipeline: Pipeline(memory=None,
         steps=[('fix_imbalance',
                 SMOTE(k_neighbors=5, n_jobs=None, random_state=2969,
                       sampling_strategy='auto'))],
         verbose=False)
2022-01-14 16:29:02,974:INFO:Creating grid variables
2022-01-14 16:29:02,993:INFO:create_model_container: 0
2022-01-14 16:29:02,993:INFO:master_model_container: 0
2022-01-14 16:29:02,994:INFO:display_container: 0
2022-01-14 16:29:08,831:INFO:Initializing compare_models()
2022-01-14 16:29:08,832:INFO:compare_models(include=None, fold=5, round=4, cross_validation=True, sort=AUC, n_select=1, budget_time=None, turbo=True, errors=ignore, fit_kwargs=None, groups=None, verbose=True, display=None, exclude=None)
2022-01-14 16:29:08,832:INFO:Checking exceptions
2022-01-14 16:29:08,835:INFO:Preparing display monitor
2022-01-14 16:29:08,835:INFO:Preparing display monitor
2022-01-14 16:29:08,889:INFO:Initializing Logistic Regression
2022-01-14 16:29:08,890:INFO:Total runtime is 3.508726755777995e-06 minutes
2022-01-14 16:29:08,906:INFO:SubProcess create_model() called ==================================
2022-01-14 16:29:08,907:INFO:Initializing create_model()
2022-01-14 16:29:08,907:INFO:create_model(estimator=lr, fold=StratifiedKFold(n_splits=5, random_state=2969, shuffle=True), round=4, cross_validation=True, predict=True, fit_kwargs={}, groups=None, refit=False, verbose=False, system=False, metrics=None, display=<pycaret.internal.Display.Display object at 0x7f06638a1d30>, kwargs={})
2022-01-14 16:29:08,907:INFO:Checking exceptions
2022-01-14 16:29:08,907:INFO:Importing libraries
2022-01-14 16:29:08,907:INFO:Copying training dataset
2022-01-14 16:29:08,909:INFO:Defining folds
2022-01-14 16:29:08,909:INFO:Declaring metric variables
2022-01-14 16:29:08,941:INFO:Importing untrained model
2022-01-14 16:29:08,962:INFO:Logistic Regression Imported succesfully
2022-01-14 16:29:09,008:INFO:Starting cross validation
2022-01-14 16:29:09,009:INFO:Cross validating with StratifiedKFold(n_splits=5, random_state=2969, shuffle=True), n_jobs=-1
2022-01-14 16:29:41,395:INFO:Calculating mean and std
2022-01-14 16:29:41,471:INFO:Creating metrics dataframe
2022-01-14 16:29:41,493:INFO:Uploading results into container
2022-01-14 16:29:41,493:INFO:Uploading model into container now
2022-01-14 16:29:41,493:INFO:create_model_container: 1
2022-01-14 16:29:41,493:INFO:master_model_container: 1
2022-01-14 16:29:41,493:INFO:display_container: 1
2022-01-14 16:29:41,495:INFO:LogisticRegression(C=1.0, class_weight=None, dual=False, fit_intercept=True,
                   intercept_scaling=1, l1_ratio=None, max_iter=1000,
                   multi_class='auto', n_jobs=None, penalty='l2',
                   random_state=2969, solver='lbfgs', tol=0.0001, verbose=0,
                   warm_start=False)
2022-01-14 16:29:41,495:INFO:create_model() succesfully completed......................................
2022-01-14 16:29:41,704:INFO:SubProcess create_model() end ==================================
2022-01-14 16:29:41,704:INFO:Creating metrics dataframe
2022-01-14 16:29:41,748:INFO:Initializing K Neighbors Classifier
2022-01-14 16:29:41,749:INFO:Total runtime is 0.5476543466250102 minutes
2022-01-14 16:29:41,765:INFO:SubProcess create_model() called ==================================
2022-01-14 16:29:41,765:INFO:Initializing create_model()
2022-01-14 16:29:41,765:INFO:create_model(estimator=knn, fold=StratifiedKFold(n_splits=5, random_state=2969, shuffle=True), round=4, cross_validation=True, predict=True, fit_kwargs={}, groups=None, refit=False, verbose=False, system=False, metrics=None, display=<pycaret.internal.Display.Display object at 0x7f06638a1d30>, kwargs={})
2022-01-14 16:29:41,765:INFO:Checking exceptions
2022-01-14 16:29:41,765:INFO:Importing libraries
2022-01-14 16:29:41,765:INFO:Copying training dataset
2022-01-14 16:29:41,767:INFO:Defining folds
2022-01-14 16:29:41,767:INFO:Declaring metric variables
2022-01-14 16:29:41,782:INFO:Importing untrained model
2022-01-14 16:29:41,793:INFO:K Neighbors Classifier Imported succesfully
2022-01-14 16:29:41,814:INFO:Starting cross validation
2022-01-14 16:29:41,815:INFO:Cross validating with StratifiedKFold(n_splits=5, random_state=2969, shuffle=True), n_jobs=-1
2022-01-14 16:29:42,724:INFO:Calculating mean and std
2022-01-14 16:29:42,725:INFO:Creating metrics dataframe
2022-01-14 16:29:42,733:INFO:Uploading results into container
2022-01-14 16:29:42,733:INFO:Uploading model into container now
2022-01-14 16:29:42,733:INFO:create_model_container: 2
2022-01-14 16:29:42,733:INFO:master_model_container: 2
2022-01-14 16:29:42,734:INFO:display_container: 1
2022-01-14 16:29:42,734:INFO:KNeighborsClassifier(algorithm='auto', leaf_size=30, metric='minkowski',
                     metric_params=None, n_jobs=-1, n_neighbors=5, p=2,
                     weights='uniform')
2022-01-14 16:29:42,734:INFO:create_model() succesfully completed......................................
2022-01-14 16:29:42,854:INFO:SubProcess create_model() end ==================================
2022-01-14 16:29:42,855:INFO:Creating metrics dataframe
2022-01-14 16:29:42,899:INFO:Initializing Naive Bayes
2022-01-14 16:29:42,899:INFO:Total runtime is 0.5668265899022421 minutes
2022-01-14 16:29:42,920:INFO:SubProcess create_model() called ==================================
2022-01-14 16:29:42,921:INFO:Initializing create_model()
2022-01-14 16:29:42,921:INFO:create_model(estimator=nb, fold=StratifiedKFold(n_splits=5, random_state=2969, shuffle=True), round=4, cross_validation=True, predict=True, fit_kwargs={}, groups=None, refit=False, verbose=False, system=False, metrics=None, display=<pycaret.internal.Display.Display object at 0x7f06638a1d30>, kwargs={})
2022-01-14 16:29:42,921:INFO:Checking exceptions
2022-01-14 16:29:42,921:INFO:Importing libraries
2022-01-14 16:29:42,921:INFO:Copying training dataset
2022-01-14 16:29:42,922:INFO:Defining folds
2022-01-14 16:29:42,923:INFO:Declaring metric variables
2022-01-14 16:29:42,934:INFO:Importing untrained model
2022-01-14 16:29:42,946:INFO:Naive Bayes Imported succesfully
2022-01-14 16:29:42,989:INFO:Starting cross validation
2022-01-14 16:29:42,990:INFO:Cross validating with StratifiedKFold(n_splits=5, random_state=2969, shuffle=True), n_jobs=-1
2022-01-14 16:29:43,188:INFO:Calculating mean and std
2022-01-14 16:29:43,189:INFO:Creating metrics dataframe
2022-01-14 16:29:43,198:INFO:Uploading results into container
2022-01-14 16:29:43,198:INFO:Uploading model into container now
2022-01-14 16:29:43,198:INFO:create_model_container: 3
2022-01-14 16:29:43,198:INFO:master_model_container: 3
2022-01-14 16:29:43,198:INFO:display_container: 1
2022-01-14 16:29:43,199:INFO:GaussianNB(priors=None, var_smoothing=1e-09)
2022-01-14 16:29:43,199:INFO:create_model() succesfully completed......................................
2022-01-14 16:29:43,305:INFO:SubProcess create_model() end ==================================
2022-01-14 16:29:43,305:INFO:Creating metrics dataframe
2022-01-14 16:29:43,351:INFO:Initializing Decision Tree Classifier
2022-01-14 16:29:43,351:INFO:Total runtime is 0.5743634382883709 minutes
2022-01-14 16:29:43,369:INFO:SubProcess create_model() called ==================================
2022-01-14 16:29:43,372:INFO:Initializing create_model()
2022-01-14 16:29:43,373:INFO:create_model(estimator=dt, fold=StratifiedKFold(n_splits=5, random_state=2969, shuffle=True), round=4, cross_validation=True, predict=True, fit_kwargs={}, groups=None, refit=False, verbose=False, system=False, metrics=None, display=<pycaret.internal.Display.Display object at 0x7f06638a1d30>, kwargs={})
2022-01-14 16:29:43,373:INFO:Checking exceptions
2022-01-14 16:29:43,373:INFO:Importing libraries
2022-01-14 16:29:43,373:INFO:Copying training dataset
2022-01-14 16:29:43,378:INFO:Defining folds
2022-01-14 16:29:43,378:INFO:Declaring metric variables
2022-01-14 16:29:43,400:INFO:Importing untrained model
2022-01-14 16:29:43,424:INFO:Decision Tree Classifier Imported succesfully
2022-01-14 16:29:43,479:INFO:Starting cross validation
2022-01-14 16:29:43,480:INFO:Cross validating with StratifiedKFold(n_splits=5, random_state=2969, shuffle=True), n_jobs=-1
2022-01-14 16:29:43,850:INFO:Calculating mean and std
2022-01-14 16:29:43,852:INFO:Creating metrics dataframe
2022-01-14 16:29:43,867:INFO:Uploading results into container
2022-01-14 16:29:43,868:INFO:Uploading model into container now
2022-01-14 16:29:43,868:INFO:create_model_container: 4
2022-01-14 16:29:43,868:INFO:master_model_container: 4
2022-01-14 16:29:43,868:INFO:display_container: 1
2022-01-14 16:29:43,869:INFO:DecisionTreeClassifier(ccp_alpha=0.0, class_weight=None, criterion='gini',
                       max_depth=None, max_features=None, max_leaf_nodes=None,
                       min_impurity_decrease=0.0, min_samples_leaf=1,
                       min_samples_split=2, min_weight_fraction_leaf=0.0,
                       random_state=2969, splitter='best')
2022-01-14 16:29:43,869:INFO:create_model() succesfully completed......................................
2022-01-14 16:29:44,022:INFO:SubProcess create_model() end ==================================
2022-01-14 16:29:44,023:INFO:Creating metrics dataframe
2022-01-14 16:29:44,051:INFO:Initializing SVM - Linear Kernel
2022-01-14 16:29:44,052:INFO:Total runtime is 0.5860350688298545 minutes
2022-01-14 16:29:44,065:INFO:SubProcess create_model() called ==================================
2022-01-14 16:29:44,065:INFO:Initializing create_model()
2022-01-14 16:29:44,065:INFO:create_model(estimator=svm, fold=StratifiedKFold(n_splits=5, random_state=2969, shuffle=True), round=4, cross_validation=True, predict=True, fit_kwargs={}, groups=None, refit=False, verbose=False, system=False, metrics=None, display=<pycaret.internal.Display.Display object at 0x7f06638a1d30>, kwargs={})
2022-01-14 16:29:44,065:INFO:Checking exceptions
2022-01-14 16:29:44,066:INFO:Importing libraries
2022-01-14 16:29:44,066:INFO:Copying training dataset
2022-01-14 16:29:44,067:INFO:Defining folds
2022-01-14 16:29:44,068:INFO:Declaring metric variables
2022-01-14 16:29:44,081:INFO:Importing untrained model
2022-01-14 16:29:44,096:INFO:SVM - Linear Kernel Imported succesfully
2022-01-14 16:29:44,121:INFO:Starting cross validation
2022-01-14 16:29:44,122:INFO:Cross validating with StratifiedKFold(n_splits=5, random_state=2969, shuffle=True), n_jobs=-1
2022-01-14 16:29:44,380:INFO:Calculating mean and std
2022-01-14 16:29:44,381:INFO:Creating metrics dataframe
2022-01-14 16:29:44,387:INFO:Uploading results into container
2022-01-14 16:29:44,387:INFO:Uploading model into container now
2022-01-14 16:29:44,387:INFO:create_model_container: 5
2022-01-14 16:29:44,387:INFO:master_model_container: 5
2022-01-14 16:29:44,387:INFO:display_container: 1
2022-01-14 16:29:44,388:INFO:SGDClassifier(alpha=0.0001, average=False, class_weight=None,
              early_stopping=False, epsilon=0.1, eta0=0.001, fit_intercept=True,
              l1_ratio=0.15, learning_rate='optimal', loss='hinge',
              max_iter=1000, n_iter_no_change=5, n_jobs=-1, penalty='l2',
              power_t=0.5, random_state=2969, shuffle=True, tol=0.001,
              validation_fraction=0.1, verbose=0, warm_start=False)
2022-01-14 16:29:44,388:INFO:create_model() succesfully completed......................................
2022-01-14 16:29:44,569:INFO:SubProcess create_model() end ==================================
2022-01-14 16:29:44,570:INFO:Creating metrics dataframe
2022-01-14 16:29:44,598:INFO:Initializing Ridge Classifier
2022-01-14 16:29:44,598:INFO:Total runtime is 0.5951402266820273 minutes
2022-01-14 16:29:44,609:INFO:SubProcess create_model() called ==================================
2022-01-14 16:29:44,610:INFO:Initializing create_model()
2022-01-14 16:29:44,610:INFO:create_model(estimator=ridge, fold=StratifiedKFold(n_splits=5, random_state=2969, shuffle=True), round=4, cross_validation=True, predict=True, fit_kwargs={}, groups=None, refit=False, verbose=False, system=False, metrics=None, display=<pycaret.internal.Display.Display object at 0x7f06638a1d30>, kwargs={})
2022-01-14 16:29:44,610:INFO:Checking exceptions
2022-01-14 16:29:44,610:INFO:Importing libraries
2022-01-14 16:29:44,610:INFO:Copying training dataset
2022-01-14 16:29:44,612:INFO:Defining folds
2022-01-14 16:29:44,612:INFO:Declaring metric variables
2022-01-14 16:29:44,625:INFO:Importing untrained model
2022-01-14 16:29:44,644:INFO:Ridge Classifier Imported succesfully
2022-01-14 16:29:44,689:INFO:Starting cross validation
2022-01-14 16:29:44,694:INFO:Cross validating with StratifiedKFold(n_splits=5, random_state=2969, shuffle=True), n_jobs=-1
2022-01-14 16:29:45,204:INFO:Calculating mean and std
2022-01-14 16:29:45,205:INFO:Creating metrics dataframe
2022-01-14 16:29:45,210:INFO:Uploading results into container
2022-01-14 16:29:45,210:INFO:Uploading model into container now
2022-01-14 16:29:45,210:INFO:create_model_container: 6
2022-01-14 16:29:45,211:INFO:master_model_container: 6
2022-01-14 16:29:45,211:INFO:display_container: 1
2022-01-14 16:29:45,212:INFO:RidgeClassifier(alpha=1.0, class_weight=None, copy_X=True, fit_intercept=True,
                max_iter=None, normalize='deprecated', positive=False,
                random_state=2969, solver='auto', tol=0.001)
2022-01-14 16:29:45,212:INFO:create_model() succesfully completed......................................
2022-01-14 16:29:45,334:INFO:SubProcess create_model() end ==================================
2022-01-14 16:29:45,334:INFO:Creating metrics dataframe
2022-01-14 16:29:45,362:INFO:Initializing Random Forest Classifier
2022-01-14 16:29:45,362:INFO:Total runtime is 0.607881005605062 minutes
2022-01-14 16:29:45,375:INFO:SubProcess create_model() called ==================================
2022-01-14 16:29:45,376:INFO:Initializing create_model()
2022-01-14 16:29:45,376:INFO:create_model(estimator=rf, fold=StratifiedKFold(n_splits=5, random_state=2969, shuffle=True), round=4, cross_validation=True, predict=True, fit_kwargs={}, groups=None, refit=False, verbose=False, system=False, metrics=None, display=<pycaret.internal.Display.Display object at 0x7f06638a1d30>, kwargs={})
2022-01-14 16:29:45,376:INFO:Checking exceptions
2022-01-14 16:29:45,376:INFO:Importing libraries
2022-01-14 16:29:45,376:INFO:Copying training dataset
2022-01-14 16:29:45,378:INFO:Defining folds
2022-01-14 16:29:45,378:INFO:Declaring metric variables
2022-01-14 16:29:45,391:INFO:Importing untrained model
2022-01-14 16:29:45,417:INFO:Random Forest Classifier Imported succesfully
2022-01-14 16:29:45,460:INFO:Starting cross validation
2022-01-14 16:29:45,461:INFO:Cross validating with StratifiedKFold(n_splits=5, random_state=2969, shuffle=True), n_jobs=-1
2022-01-14 16:29:50,744:INFO:Calculating mean and std
2022-01-14 16:29:50,745:INFO:Creating metrics dataframe
2022-01-14 16:29:50,751:INFO:Uploading results into container
2022-01-14 16:29:50,751:INFO:Uploading model into container now
2022-01-14 16:29:50,751:INFO:create_model_container: 7
2022-01-14 16:29:50,751:INFO:master_model_container: 7
2022-01-14 16:29:50,751:INFO:display_container: 1
2022-01-14 16:29:50,752:INFO:RandomForestClassifier(bootstrap=True, ccp_alpha=0.0, class_weight=None,
                       criterion='gini', max_depth=None, max_features='auto',
                       max_leaf_nodes=None, max_samples=None,
                       min_impurity_decrease=0.0, min_samples_leaf=1,
                       min_samples_split=2, min_weight_fraction_leaf=0.0,
                       n_estimators=100, n_jobs=-1, oob_score=False,
                       random_state=2969, verbose=0, warm_start=False)
2022-01-14 16:29:50,752:INFO:create_model() succesfully completed......................................
2022-01-14 16:29:50,878:INFO:SubProcess create_model() end ==================================
2022-01-14 16:29:50,879:INFO:Creating metrics dataframe
2022-01-14 16:29:50,907:INFO:Initializing Quadratic Discriminant Analysis
2022-01-14 16:29:50,907:INFO:Total runtime is 0.7002896825472515 minutes
2022-01-14 16:29:50,922:INFO:SubProcess create_model() called ==================================
2022-01-14 16:29:50,922:INFO:Initializing create_model()
2022-01-14 16:29:50,922:INFO:create_model(estimator=qda, fold=StratifiedKFold(n_splits=5, random_state=2969, shuffle=True), round=4, cross_validation=True, predict=True, fit_kwargs={}, groups=None, refit=False, verbose=False, system=False, metrics=None, display=<pycaret.internal.Display.Display object at 0x7f06638a1d30>, kwargs={})
2022-01-14 16:29:50,923:INFO:Checking exceptions
2022-01-14 16:29:50,923:INFO:Importing libraries
2022-01-14 16:29:50,923:INFO:Copying training dataset
2022-01-14 16:29:50,924:INFO:Defining folds
2022-01-14 16:29:50,925:INFO:Declaring metric variables
2022-01-14 16:29:50,941:INFO:Importing untrained model
2022-01-14 16:29:50,964:INFO:Quadratic Discriminant Analysis Imported succesfully
2022-01-14 16:29:51,022:INFO:Starting cross validation
2022-01-14 16:29:51,027:INFO:Cross validating with StratifiedKFold(n_splits=5, random_state=2969, shuffle=True), n_jobs=-1
2022-01-14 16:29:51,665:INFO:Calculating mean and std
2022-01-14 16:29:51,666:INFO:Creating metrics dataframe
2022-01-14 16:29:51,674:INFO:Uploading results into container
2022-01-14 16:29:51,674:INFO:Uploading model into container now
2022-01-14 16:29:51,674:INFO:create_model_container: 8
2022-01-14 16:29:51,674:INFO:master_model_container: 8
2022-01-14 16:29:51,674:INFO:display_container: 1
2022-01-14 16:29:51,675:INFO:QuadraticDiscriminantAnalysis(priors=None, reg_param=0.0,
                              store_covariance=False, tol=0.0001)
2022-01-14 16:29:51,675:INFO:create_model() succesfully completed......................................
2022-01-14 16:29:51,778:INFO:SubProcess create_model() end ==================================
2022-01-14 16:29:51,778:INFO:Creating metrics dataframe
2022-01-14 16:29:51,825:INFO:Initializing Ada Boost Classifier
2022-01-14 16:29:51,825:INFO:Total runtime is 0.7156003276507061 minutes
2022-01-14 16:29:51,841:INFO:SubProcess create_model() called ==================================
2022-01-14 16:29:51,842:INFO:Initializing create_model()
2022-01-14 16:29:51,842:INFO:create_model(estimator=ada, fold=StratifiedKFold(n_splits=5, random_state=2969, shuffle=True), round=4, cross_validation=True, predict=True, fit_kwargs={}, groups=None, refit=False, verbose=False, system=False, metrics=None, display=<pycaret.internal.Display.Display object at 0x7f06638a1d30>, kwargs={})
2022-01-14 16:29:51,842:INFO:Checking exceptions
2022-01-14 16:29:51,842:INFO:Importing libraries
2022-01-14 16:29:51,842:INFO:Copying training dataset
2022-01-14 16:29:51,844:INFO:Defining folds
2022-01-14 16:29:51,844:INFO:Declaring metric variables
2022-01-14 16:29:51,860:INFO:Importing untrained model
2022-01-14 16:29:51,891:INFO:Ada Boost Classifier Imported succesfully
2022-01-14 16:29:51,936:INFO:Starting cross validation
2022-01-14 16:29:51,938:INFO:Cross validating with StratifiedKFold(n_splits=5, random_state=2969, shuffle=True), n_jobs=-1
2022-01-14 16:29:53,330:INFO:Calculating mean and std
2022-01-14 16:29:53,331:INFO:Creating metrics dataframe
2022-01-14 16:29:53,339:INFO:Uploading results into container
2022-01-14 16:29:53,339:INFO:Uploading model into container now
2022-01-14 16:29:53,339:INFO:create_model_container: 9
2022-01-14 16:29:53,339:INFO:master_model_container: 9
2022-01-14 16:29:53,340:INFO:display_container: 1
2022-01-14 16:29:53,342:INFO:AdaBoostClassifier(algorithm='SAMME.R', base_estimator=None, learning_rate=1.0,
                   n_estimators=50, random_state=2969)
2022-01-14 16:29:53,342:INFO:create_model() succesfully completed......................................
2022-01-14 16:29:53,463:INFO:SubProcess create_model() end ==================================
2022-01-14 16:29:53,463:INFO:Creating metrics dataframe
2022-01-14 16:29:53,490:INFO:Initializing Gradient Boosting Classifier
2022-01-14 16:29:53,490:INFO:Total runtime is 0.7433404405911765 minutes
2022-01-14 16:29:53,507:INFO:SubProcess create_model() called ==================================
2022-01-14 16:29:53,508:INFO:Initializing create_model()
2022-01-14 16:29:53,508:INFO:create_model(estimator=gbc, fold=StratifiedKFold(n_splits=5, random_state=2969, shuffle=True), round=4, cross_validation=True, predict=True, fit_kwargs={}, groups=None, refit=False, verbose=False, system=False, metrics=None, display=<pycaret.internal.Display.Display object at 0x7f06638a1d30>, kwargs={})
2022-01-14 16:29:53,508:INFO:Checking exceptions
2022-01-14 16:29:53,508:INFO:Importing libraries
2022-01-14 16:29:53,508:INFO:Copying training dataset
2022-01-14 16:29:53,510:INFO:Defining folds
2022-01-14 16:29:53,510:INFO:Declaring metric variables
2022-01-14 16:29:53,527:INFO:Importing untrained model
2022-01-14 16:29:53,565:INFO:Gradient Boosting Classifier Imported succesfully
2022-01-14 16:29:53,618:INFO:Starting cross validation
2022-01-14 16:29:53,619:INFO:Cross validating with StratifiedKFold(n_splits=5, random_state=2969, shuffle=True), n_jobs=-1
2022-01-14 16:29:57,188:INFO:Calculating mean and std
2022-01-14 16:29:57,189:INFO:Creating metrics dataframe
2022-01-14 16:29:57,196:INFO:Uploading results into container
2022-01-14 16:29:57,197:INFO:Uploading model into container now
2022-01-14 16:29:57,197:INFO:create_model_container: 10
2022-01-14 16:29:57,197:INFO:master_model_container: 10
2022-01-14 16:29:57,197:INFO:display_container: 1
2022-01-14 16:29:57,198:INFO:GradientBoostingClassifier(ccp_alpha=0.0, criterion='friedman_mse', init=None,
                           learning_rate=0.1, loss='deviance', max_depth=3,
                           max_features=None, max_leaf_nodes=None,
                           min_impurity_decrease=0.0, min_samples_leaf=1,
                           min_samples_split=2, min_weight_fraction_leaf=0.0,
                           n_estimators=100, n_iter_no_change=None,
                           random_state=2969, subsample=1.0, tol=0.0001,
                           validation_fraction=0.1, verbose=0,
                           warm_start=False)
2022-01-14 16:29:57,198:INFO:create_model() succesfully completed......................................
2022-01-14 16:29:57,320:INFO:SubProcess create_model() end ==================================
2022-01-14 16:29:57,320:INFO:Creating metrics dataframe
2022-01-14 16:29:57,351:INFO:Initializing Linear Discriminant Analysis
2022-01-14 16:29:57,351:INFO:Total runtime is 0.807699779669444 minutes
2022-01-14 16:29:57,368:INFO:SubProcess create_model() called ==================================
2022-01-14 16:29:57,369:INFO:Initializing create_model()
2022-01-14 16:29:57,369:INFO:create_model(estimator=lda, fold=StratifiedKFold(n_splits=5, random_state=2969, shuffle=True), round=4, cross_validation=True, predict=True, fit_kwargs={}, groups=None, refit=False, verbose=False, system=False, metrics=None, display=<pycaret.internal.Display.Display object at 0x7f06638a1d30>, kwargs={})
2022-01-14 16:29:57,369:INFO:Checking exceptions
2022-01-14 16:29:57,369:INFO:Importing libraries
2022-01-14 16:29:57,369:INFO:Copying training dataset
2022-01-14 16:29:57,371:INFO:Defining folds
2022-01-14 16:29:57,371:INFO:Declaring metric variables
2022-01-14 16:29:57,390:INFO:Importing untrained model
2022-01-14 16:29:57,417:INFO:Linear Discriminant Analysis Imported succesfully
2022-01-14 16:29:57,442:INFO:Starting cross validation
2022-01-14 16:29:57,446:INFO:Cross validating with StratifiedKFold(n_splits=5, random_state=2969, shuffle=True), n_jobs=-1
2022-01-14 16:30:05,580:INFO:Calculating mean and std
2022-01-14 16:30:05,581:INFO:Creating metrics dataframe
2022-01-14 16:30:05,589:INFO:Uploading results into container
2022-01-14 16:30:05,589:INFO:Uploading model into container now
2022-01-14 16:30:05,589:INFO:create_model_container: 11
2022-01-14 16:30:05,589:INFO:master_model_container: 11
2022-01-14 16:30:05,589:INFO:display_container: 1
2022-01-14 16:30:05,590:INFO:LinearDiscriminantAnalysis(covariance_estimator=None, n_components=None,
                           priors=None, shrinkage=None, solver='svd',
                           store_covariance=False, tol=0.0001)
2022-01-14 16:30:05,590:INFO:create_model() succesfully completed......................................
2022-01-14 16:30:05,691:INFO:SubProcess create_model() end ==================================
2022-01-14 16:30:05,692:INFO:Creating metrics dataframe
2022-01-14 16:30:05,724:INFO:Initializing Extra Trees Classifier
2022-01-14 16:30:05,724:INFO:Total runtime is 0.9472415924072267 minutes
2022-01-14 16:30:05,740:INFO:SubProcess create_model() called ==================================
2022-01-14 16:30:05,741:INFO:Initializing create_model()
2022-01-14 16:30:05,741:INFO:create_model(estimator=et, fold=StratifiedKFold(n_splits=5, random_state=2969, shuffle=True), round=4, cross_validation=True, predict=True, fit_kwargs={}, groups=None, refit=False, verbose=False, system=False, metrics=None, display=<pycaret.internal.Display.Display object at 0x7f06638a1d30>, kwargs={})
2022-01-14 16:30:05,741:INFO:Checking exceptions
2022-01-14 16:30:05,741:INFO:Importing libraries
2022-01-14 16:30:05,741:INFO:Copying training dataset
2022-01-14 16:30:05,743:INFO:Defining folds
2022-01-14 16:30:05,743:INFO:Declaring metric variables
2022-01-14 16:30:05,764:INFO:Importing untrained model
2022-01-14 16:30:05,794:INFO:Extra Trees Classifier Imported succesfully
2022-01-14 16:30:05,861:INFO:Starting cross validation
2022-01-14 16:30:05,864:INFO:Cross validating with StratifiedKFold(n_splits=5, random_state=2969, shuffle=True), n_jobs=-1
2022-01-14 16:30:11,129:INFO:Calculating mean and std
2022-01-14 16:30:11,132:INFO:Creating metrics dataframe
2022-01-14 16:30:11,147:INFO:Uploading results into container
2022-01-14 16:30:11,148:INFO:Uploading model into container now
2022-01-14 16:30:11,148:INFO:create_model_container: 12
2022-01-14 16:30:11,148:INFO:master_model_container: 12
2022-01-14 16:30:11,149:INFO:display_container: 1
2022-01-14 16:30:11,151:INFO:ExtraTreesClassifier(bootstrap=False, ccp_alpha=0.0, class_weight=None,
                     criterion='gini', max_depth=None, max_features='auto',
                     max_leaf_nodes=None, max_samples=None,
                     min_impurity_decrease=0.0, min_samples_leaf=1,
                     min_samples_split=2, min_weight_fraction_leaf=0.0,
                     n_estimators=100, n_jobs=-1, oob_score=False,
                     random_state=2969, verbose=0, warm_start=False)
2022-01-14 16:30:11,151:INFO:create_model() succesfully completed......................................
2022-01-14 16:30:11,273:INFO:SubProcess create_model() end ==================================
2022-01-14 16:30:11,273:INFO:Creating metrics dataframe
2022-01-14 16:30:11,577:INFO:Initializing Extreme Gradient Boosting
2022-01-14 16:30:11,578:INFO:Total runtime is 1.0448024034500123 minutes
2022-01-14 16:30:11,592:INFO:SubProcess create_model() called ==================================
2022-01-14 16:30:11,592:INFO:Initializing create_model()
2022-01-14 16:30:11,592:INFO:create_model(estimator=xgboost, fold=StratifiedKFold(n_splits=5, random_state=2969, shuffle=True), round=4, cross_validation=True, predict=True, fit_kwargs={}, groups=None, refit=False, verbose=False, system=False, metrics=None, display=<pycaret.internal.Display.Display object at 0x7f06638a1d30>, kwargs={})
2022-01-14 16:30:11,592:INFO:Checking exceptions
2022-01-14 16:30:11,592:INFO:Importing libraries
2022-01-14 16:30:11,592:INFO:Copying training dataset
2022-01-14 16:30:11,593:INFO:Defining folds
2022-01-14 16:30:11,594:INFO:Declaring metric variables
2022-01-14 16:30:11,604:INFO:Importing untrained model
2022-01-14 16:30:11,914:INFO:Extreme Gradient Boosting Imported succesfully
2022-01-14 16:30:11,943:INFO:Starting cross validation
2022-01-14 16:30:11,945:INFO:Cross validating with StratifiedKFold(n_splits=5, random_state=2969, shuffle=True), n_jobs=-1
2022-01-14 16:30:50,518:INFO:Calculating mean and std
2022-01-14 16:30:50,554:INFO:Creating metrics dataframe
2022-01-14 16:30:50,560:INFO:Uploading results into container
2022-01-14 16:30:50,560:INFO:Uploading model into container now
2022-01-14 16:30:50,560:INFO:create_model_container: 13
2022-01-14 16:30:50,560:INFO:master_model_container: 13
2022-01-14 16:30:50,560:INFO:display_container: 1
2022-01-14 16:30:50,569:INFO:XGBClassifier(base_score=None, booster='gbtree', colsample_bylevel=None,
              colsample_bynode=None, colsample_bytree=None,
              enable_categorical=False, gamma=None, gpu_id=None,
              importance_type=None, interaction_constraints=None,
              learning_rate=None, max_delta_step=None, max_depth=None,
              min_child_weight=None, missing=nan, monotone_constraints=None,
              n_estimators=100, n_jobs=-1, num_parallel_tree=None,
              objective='binary:logistic', predictor=None, random_state=2969,
              reg_alpha=None, reg_lambda=None, scale_pos_weight=None,
              subsample=None, tree_method='auto', use_label_encoder=True,
              validate_parameters=None, verbosity=0)
2022-01-14 16:30:50,569:INFO:create_model() succesfully completed......................................
2022-01-14 16:30:50,759:INFO:SubProcess create_model() end ==================================
2022-01-14 16:30:50,760:INFO:Creating metrics dataframe
2022-01-14 16:30:50,793:INFO:Initializing Light Gradient Boosting Machine
2022-01-14 16:30:50,793:INFO:Total runtime is 1.6983888069788615 minutes
2022-01-14 16:30:50,807:INFO:SubProcess create_model() called ==================================
2022-01-14 16:30:50,807:INFO:Initializing create_model()
2022-01-14 16:30:50,807:INFO:create_model(estimator=lightgbm, fold=StratifiedKFold(n_splits=5, random_state=2969, shuffle=True), round=4, cross_validation=True, predict=True, fit_kwargs={}, groups=None, refit=False, verbose=False, system=False, metrics=None, display=<pycaret.internal.Display.Display object at 0x7f06638a1d30>, kwargs={})
2022-01-14 16:30:50,807:INFO:Checking exceptions
2022-01-14 16:30:50,808:INFO:Importing libraries
2022-01-14 16:30:50,808:INFO:Copying training dataset
2022-01-14 16:30:50,809:INFO:Defining folds
2022-01-14 16:30:50,809:INFO:Declaring metric variables
2022-01-14 16:30:50,822:INFO:Importing untrained model
2022-01-14 16:30:50,846:INFO:Light Gradient Boosting Machine Imported succesfully
2022-01-14 16:30:50,902:INFO:Starting cross validation
2022-01-14 16:30:50,903:INFO:Cross validating with StratifiedKFold(n_splits=5, random_state=2969, shuffle=True), n_jobs=-1
2022-01-14 16:31:24,565:INFO:Calculating mean and std
2022-01-14 16:31:24,566:INFO:Creating metrics dataframe
2022-01-14 16:31:24,572:INFO:Uploading results into container
2022-01-14 16:31:24,572:INFO:Uploading model into container now
2022-01-14 16:31:24,573:INFO:create_model_container: 14
2022-01-14 16:31:24,573:INFO:master_model_container: 14
2022-01-14 16:31:24,573:INFO:display_container: 1
2022-01-14 16:31:24,573:INFO:LGBMClassifier(boosting_type='gbdt', class_weight=None, colsample_bytree=1.0,
               importance_type='split', learning_rate=0.1, max_depth=-1,
               min_child_samples=20, min_child_weight=0.001, min_split_gain=0.0,
               n_estimators=100, n_jobs=-1, num_leaves=31, objective=None,
               random_state=2969, reg_alpha=0.0, reg_lambda=0.0, silent='warn',
               subsample=1.0, subsample_for_bin=200000, subsample_freq=0)
2022-01-14 16:31:24,573:INFO:create_model() succesfully completed......................................
2022-01-14 16:31:24,668:INFO:SubProcess create_model() end ==================================
2022-01-14 16:31:24,668:INFO:Creating metrics dataframe
2022-01-14 16:31:24,725:INFO:Initializing CatBoost Classifier
2022-01-14 16:31:24,725:INFO:Total runtime is 2.2639338850975035 minutes
2022-01-14 16:31:24,753:INFO:SubProcess create_model() called ==================================
2022-01-14 16:31:24,753:INFO:Initializing create_model()
2022-01-14 16:31:24,753:INFO:create_model(estimator=catboost, fold=StratifiedKFold(n_splits=5, random_state=2969, shuffle=True), round=4, cross_validation=True, predict=True, fit_kwargs={}, groups=None, refit=False, verbose=False, system=False, metrics=None, display=<pycaret.internal.Display.Display object at 0x7f06638a1d30>, kwargs={})
2022-01-14 16:31:24,753:INFO:Checking exceptions
2022-01-14 16:31:24,754:INFO:Importing libraries
2022-01-14 16:31:24,754:INFO:Copying training dataset
2022-01-14 16:31:24,755:INFO:Defining folds
2022-01-14 16:31:24,756:INFO:Declaring metric variables
2022-01-14 16:31:24,778:INFO:Importing untrained model
2022-01-14 16:31:24,913:INFO:CatBoost Classifier Imported succesfully
2022-01-14 16:31:24,983:INFO:Starting cross validation
2022-01-14 16:31:25,093:INFO:Cross validating with StratifiedKFold(n_splits=5, random_state=2969, shuffle=True), n_jobs=-1
2022-01-14 16:31:53,656:INFO:Calculating mean and std
2022-01-14 16:31:54,460:INFO:Creating metrics dataframe
2022-01-14 16:31:54,792:INFO:Uploading results into container
2022-01-14 16:31:54,792:INFO:Uploading model into container now
2022-01-14 16:31:54,793:INFO:create_model_container: 15
2022-01-14 16:31:54,793:INFO:master_model_container: 15
2022-01-14 16:31:54,793:INFO:display_container: 1
2022-01-14 16:31:54,793:INFO:<catboost.core.CatBoostClassifier object at 0x7f0663562e20>
2022-01-14 16:31:54,793:INFO:create_model() succesfully completed......................................
2022-01-14 16:32:00,165:INFO:SubProcess create_model() end ==================================
2022-01-14 16:32:00,165:INFO:Creating metrics dataframe
2022-01-14 16:32:01,637:INFO:Initializing create_model()
2022-01-14 16:32:01,638:INFO:create_model(estimator=GradientBoostingClassifier(ccp_alpha=0.0, criterion='friedman_mse', init=None,
                           learning_rate=0.1, loss='deviance', max_depth=3,
                           max_features=None, max_leaf_nodes=None,
                           min_impurity_decrease=0.0, min_samples_leaf=1,
                           min_samples_split=2, min_weight_fraction_leaf=0.0,
                           n_estimators=100, n_iter_no_change=None,
                           random_state=2969, subsample=1.0, tol=0.0001,
                           validation_fraction=0.1, verbose=0,
                           warm_start=False), fold=StratifiedKFold(n_splits=5, random_state=2969, shuffle=True), round=4, cross_validation=False, predict=False, fit_kwargs={}, groups=None, refit=True, verbose=False, system=False, metrics=None, display=None, kwargs={})
2022-01-14 16:32:01,646:INFO:Checking exceptions
2022-01-14 16:32:01,647:INFO:Importing libraries
2022-01-14 16:32:01,931:INFO:Copying training dataset
2022-01-14 16:32:01,932:INFO:Defining folds
2022-01-14 16:32:01,932:INFO:Declaring metric variables
2022-01-14 16:32:01,932:INFO:Importing untrained model
2022-01-14 16:32:01,932:INFO:Declaring custom model
2022-01-14 16:32:01,935:INFO:Gradient Boosting Classifier Imported succesfully
2022-01-14 16:32:01,936:INFO:Cross validation set to False
2022-01-14 16:32:01,936:INFO:Fitting Model
2022-01-14 16:32:04,987:INFO:GradientBoostingClassifier(ccp_alpha=0.0, criterion='friedman_mse', init=None,
                           learning_rate=0.1, loss='deviance', max_depth=3,
                           max_features=None, max_leaf_nodes=None,
                           min_impurity_decrease=0.0, min_samples_leaf=1,
                           min_samples_split=2, min_weight_fraction_leaf=0.0,
                           n_estimators=100, n_iter_no_change=None,
                           random_state=2969, subsample=1.0, tol=0.0001,
                           validation_fraction=0.1, verbose=0,
                           warm_start=False)
2022-01-14 16:32:04,987:INFO:create_models() succesfully completed......................................
2022-01-14 16:32:05,236:INFO:create_model_container: 15
2022-01-14 16:32:05,236:INFO:master_model_container: 15
2022-01-14 16:32:05,236:INFO:display_container: 1
2022-01-14 16:32:05,237:INFO:GradientBoostingClassifier(ccp_alpha=0.0, criterion='friedman_mse', init=None,
                           learning_rate=0.1, loss='deviance', max_depth=3,
                           max_features=None, max_leaf_nodes=None,
                           min_impurity_decrease=0.0, min_samples_leaf=1,
                           min_samples_split=2, min_weight_fraction_leaf=0.0,
                           n_estimators=100, n_iter_no_change=None,
                           random_state=2969, subsample=1.0, tol=0.0001,
                           validation_fraction=0.1, verbose=0,
                           warm_start=False)
2022-01-14 16:32:05,237:INFO:compare_models() succesfully completed......................................
2022-01-14 16:32:24,842:INFO:Initializing create_model()
2022-01-14 16:32:24,843:INFO:create_model(estimator=gbc, fold=5, round=4, cross_validation=True, predict=True, fit_kwargs=None, groups=None, refit=True, verbose=True, system=True, metrics=None, display=None, kwargs={})
2022-01-14 16:32:24,843:INFO:Checking exceptions
2022-01-14 16:32:24,844:INFO:Preparing display monitor
2022-01-14 16:32:25,402:INFO:Importing libraries
2022-01-14 16:32:25,502:INFO:Copying training dataset
2022-01-14 16:32:25,505:INFO:Defining folds
2022-01-14 16:32:25,506:INFO:Declaring metric variables
2022-01-14 16:32:25,534:INFO:Importing untrained model
2022-01-14 16:32:25,551:INFO:Gradient Boosting Classifier Imported succesfully
2022-01-14 16:32:25,574:INFO:Starting cross validation
2022-01-14 16:32:25,574:INFO:Cross validating with StratifiedKFold(n_splits=5, random_state=2969, shuffle=True), n_jobs=-1
2022-01-14 16:32:32,324:INFO:Calculating mean and std
2022-01-14 16:32:32,547:INFO:Creating metrics dataframe
2022-01-14 16:32:33,046:INFO:Finalizing model
2022-01-14 16:32:34,761:INFO:Uploading results into container
2022-01-14 16:32:34,762:INFO:Uploading model into container now
2022-01-14 16:32:35,541:INFO:create_model_container: 16
2022-01-14 16:32:35,542:INFO:master_model_container: 16
2022-01-14 16:32:35,542:INFO:display_container: 2
2022-01-14 16:32:35,544:INFO:GradientBoostingClassifier(ccp_alpha=0.0, criterion='friedman_mse', init=None,
                           learning_rate=0.1, loss='deviance', max_depth=3,
                           max_features=None, max_leaf_nodes=None,
                           min_impurity_decrease=0.0, min_samples_leaf=1,
                           min_samples_split=2, min_weight_fraction_leaf=0.0,
                           n_estimators=100, n_iter_no_change=None,
                           random_state=2969, subsample=1.0, tol=0.0001,
                           validation_fraction=0.1, verbose=0,
                           warm_start=False)
2022-01-14 16:32:35,544:INFO:create_model() succesfully completed......................................
2022-01-14 16:32:56,886:INFO:Initializing tune_model()
2022-01-14 16:32:57,186:INFO:tune_model(estimator=GradientBoostingClassifier(ccp_alpha=0.0, criterion='friedman_mse', init=None,
                           learning_rate=0.1, loss='deviance', max_depth=3,
                           max_features=None, max_leaf_nodes=None,
                           min_impurity_decrease=0.0, min_samples_leaf=1,
                           min_samples_split=2, min_weight_fraction_leaf=0.0,
                           n_estimators=100, n_iter_no_change=None,
                           random_state=2969, subsample=1.0, tol=0.0001,
                           validation_fraction=0.1, verbose=0,
                           warm_start=False), fold=5, round=4, n_iter=10, custom_grid={'learning_rate': [0.1, 0.2, 0.5], 'n_estimators': [100, 500, 1000], 'min_samples_split': [1, 2, 5, 10], 'max_depth': [1, 3, 9]}, optimize=AUC, custom_scorer=None, search_library=scikit-learn, search_algorithm=None, early_stopping=False, early_stopping_max_iters=10, choose_better=False, fit_kwargs=None, groups=None, return_tuner=False, verbose=True, tuner_verbose=True, display=None, kwargs={})
2022-01-14 16:32:57,186:INFO:Checking exceptions
2022-01-14 16:32:57,342:INFO:Preparing display monitor
2022-01-14 16:32:58,011:INFO:Copying training dataset
2022-01-14 16:32:58,015:INFO:Checking base model
2022-01-14 16:32:58,017:INFO:Base model : Gradient Boosting Classifier
2022-01-14 16:32:58,047:INFO:Declaring metric variables
2022-01-14 16:32:58,061:INFO:Defining Hyperparameters
2022-01-14 16:32:58,149:INFO:custom_grid: {'actual_estimator__learning_rate': [0.1, 0.2, 0.5], 'actual_estimator__n_estimators': [100, 500, 1000], 'actual_estimator__min_samples_split': [1, 2, 5, 10], 'actual_estimator__max_depth': [1, 3, 9]}
2022-01-14 16:32:58,149:INFO:Tuning with n_jobs=-1
2022-01-14 16:32:58,150:INFO:Initializing RandomizedSearchCV
2022-01-14 16:36:11,401:INFO:best_params: {'actual_estimator__n_estimators': 500, 'actual_estimator__min_samples_split': 5, 'actual_estimator__max_depth': 3, 'actual_estimator__learning_rate': 0.1}
2022-01-14 16:36:16,345:INFO:Random search completed
2022-01-14 16:36:16,346:INFO:SubProcess create_model() called ==================================
2022-01-14 16:36:19,173:INFO:Initializing create_model()
2022-01-14 16:36:19,174:INFO:create_model(estimator=GradientBoostingClassifier(ccp_alpha=0.0, criterion='friedman_mse', init=None,
                           learning_rate=0.1, loss='deviance', max_depth=3,
                           max_features=None, max_leaf_nodes=None,
                           min_impurity_decrease=0.0, min_samples_leaf=1,
                           min_samples_split=2, min_weight_fraction_leaf=0.0,
                           n_estimators=100, n_iter_no_change=None,
                           random_state=2969, subsample=1.0, tol=0.0001,
                           validation_fraction=0.1, verbose=0,
                           warm_start=False), fold=StratifiedKFold(n_splits=5, random_state=2969, shuffle=True), round=4, cross_validation=True, predict=True, fit_kwargs={}, groups=None, refit=True, verbose=True, system=False, metrics=None, display=<pycaret.internal.Display.Display object at 0x7f06cef31880>, kwargs={'n_estimators': 500, 'min_samples_split': 5, 'max_depth': 3, 'learning_rate': 0.1})
2022-01-14 16:36:19,174:INFO:Checking exceptions
2022-01-14 16:36:19,174:INFO:Importing libraries
2022-01-14 16:36:19,206:INFO:Copying training dataset
2022-01-14 16:36:19,615:INFO:Defining folds
2022-01-14 16:36:19,616:INFO:Declaring metric variables
2022-01-14 16:36:25,580:INFO:Importing untrained model
2022-01-14 16:36:25,580:INFO:Declaring custom model
2022-01-14 16:36:25,599:INFO:Gradient Boosting Classifier Imported succesfully
2022-01-14 16:36:25,624:INFO:Starting cross validation
2022-01-14 16:36:25,917:INFO:Cross validating with StratifiedKFold(n_splits=5, random_state=2969, shuffle=True), n_jobs=-1
2022-01-14 16:36:57,987:INFO:Calculating mean and std
2022-01-14 16:36:58,657:INFO:Creating metrics dataframe
2022-01-14 16:37:01,101:INFO:Finalizing model
2022-01-14 16:37:08,787:INFO:Uploading results into container
2022-01-14 16:37:08,787:INFO:Uploading model into container now
2022-01-14 16:37:08,787:INFO:create_model_container: 17
2022-01-14 16:37:08,787:INFO:master_model_container: 17
2022-01-14 16:37:08,787:INFO:display_container: 3
2022-01-14 16:37:08,788:INFO:GradientBoostingClassifier(ccp_alpha=0.0, criterion='friedman_mse', init=None,
                           learning_rate=0.1, loss='deviance', max_depth=3,
                           max_features=None, max_leaf_nodes=None,
                           min_impurity_decrease=0.0, min_samples_leaf=1,
                           min_samples_split=5, min_weight_fraction_leaf=0.0,
                           n_estimators=500, n_iter_no_change=None,
                           random_state=2969, subsample=1.0, tol=0.0001,
                           validation_fraction=0.1, verbose=0,
                           warm_start=False)
2022-01-14 16:37:08,788:INFO:create_model() succesfully completed......................................
2022-01-14 16:37:19,808:INFO:SubProcess create_model() end ==================================
2022-01-14 16:37:28,580:INFO:create_model_container: 17
2022-01-14 16:37:28,997:INFO:master_model_container: 17
2022-01-14 16:37:28,997:INFO:display_container: 3
2022-01-14 16:37:28,998:INFO:GradientBoostingClassifier(ccp_alpha=0.0, criterion='friedman_mse', init=None,
                           learning_rate=0.1, loss='deviance', max_depth=3,
                           max_features=None, max_leaf_nodes=None,
                           min_impurity_decrease=0.0, min_samples_leaf=1,
                           min_samples_split=5, min_weight_fraction_leaf=0.0,
                           n_estimators=500, n_iter_no_change=None,
                           random_state=2969, subsample=1.0, tol=0.0001,
                           validation_fraction=0.1, verbose=0,
                           warm_start=False)
2022-01-14 16:37:28,999:INFO:tune_model() succesfully completed......................................
2022-01-14 16:42:08,072:INFO:Initializing predict_model()
2022-01-14 16:42:08,306:INFO:predict_model(estimator=GradientBoostingClassifier(ccp_alpha=0.0, criterion='friedman_mse', init=None,
                           learning_rate=0.1, loss='deviance', max_depth=3,
                           max_features=None, max_leaf_nodes=None,
                           min_impurity_decrease=0.0, min_samples_leaf=1,
                           min_samples_split=2, min_weight_fraction_leaf=0.0,
                           n_estimators=100, n_iter_no_change=None,
                           random_state=2969, subsample=1.0, tol=0.0001,
                           validation_fraction=0.1, verbose=0,
                           warm_start=False), probability_threshold=None, encoded_labels=False, round=4, verbose=True, ml_usecase=MLUsecase.CLASSIFICATION, display=None)
2022-01-14 16:42:08,306:INFO:Checking exceptions
2022-01-14 16:42:08,306:INFO:Preloading libraries
2022-01-14 16:42:08,307:INFO:Preparing display monitor
2022-01-14 16:42:16,237:INFO:Initializing finalize_model()
2022-01-14 16:42:16,239:INFO:finalize_model(estimator=GradientBoostingClassifier(ccp_alpha=0.0, criterion='friedman_mse', init=None,
                           learning_rate=0.1, loss='deviance', max_depth=3,
                           max_features=None, max_leaf_nodes=None,
                           min_impurity_decrease=0.0, min_samples_leaf=1,
                           min_samples_split=2, min_weight_fraction_leaf=0.0,
                           n_estimators=100, n_iter_no_change=None,
                           random_state=2969, subsample=1.0, tol=0.0001,
                           validation_fraction=0.1, verbose=0,
                           warm_start=False), fit_kwargs=None, groups=None, model_only=True, display=None)
2022-01-14 16:42:16,242:INFO:Finalizing GradientBoostingClassifier(ccp_alpha=0.0, criterion='friedman_mse', init=None,
                           learning_rate=0.1, loss='deviance', max_depth=3,
                           max_features=None, max_leaf_nodes=None,
                           min_impurity_decrease=0.0, min_samples_leaf=1,
                           min_samples_split=2, min_weight_fraction_leaf=0.0,
                           n_estimators=100, n_iter_no_change=None,
                           random_state=2969, subsample=1.0, tol=0.0001,
                           validation_fraction=0.1, verbose=0,
                           warm_start=False)
2022-01-14 16:42:16,245:INFO:Initializing create_model()
2022-01-14 16:42:16,246:INFO:create_model(estimator=GradientBoostingClassifier(ccp_alpha=0.0, criterion='friedman_mse', init=None,
                           learning_rate=0.1, loss='deviance', max_depth=3,
                           max_features=None, max_leaf_nodes=None,
                           min_impurity_decrease=0.0, min_samples_leaf=1,
                           min_samples_split=2, min_weight_fraction_leaf=0.0,
                           n_estimators=100, n_iter_no_change=None,
                           random_state=2969, subsample=1.0, tol=0.0001,
                           validation_fraction=0.1, verbose=0,
                           warm_start=False), fold=None, round=4, cross_validation=True, predict=True, fit_kwargs={}, groups=None, refit=True, verbose=False, system=False, metrics=None, display=None, kwargs={})
2022-01-14 16:42:16,246:INFO:Checking exceptions
2022-01-14 16:42:16,248:INFO:Importing libraries
2022-01-14 16:42:16,248:INFO:Copying training dataset
2022-01-14 16:42:16,250:INFO:Defining folds
2022-01-14 16:42:16,250:INFO:Declaring metric variables
2022-01-14 16:42:16,250:INFO:Importing untrained model
2022-01-14 16:42:16,251:INFO:Declaring custom model
2022-01-14 16:42:16,255:INFO:Gradient Boosting Classifier Imported succesfully
2022-01-14 16:42:16,255:INFO:Starting cross validation
2022-01-14 16:42:16,258:INFO:Cross validating with StratifiedKFold(n_splits=10, random_state=2969, shuffle=True), n_jobs=-1
2022-01-14 16:42:49,996:INFO:Calculating mean and std
2022-01-14 16:42:49,997:INFO:Creating metrics dataframe
2022-01-14 16:42:50,009:INFO:Finalizing model
2022-01-14 16:42:52,205:INFO:Uploading results into container
2022-01-14 16:42:52,205:INFO:Uploading model into container now
2022-01-14 16:42:52,205:INFO:create_model_container: 18
2022-01-14 16:42:52,205:INFO:master_model_container: 18
2022-01-14 16:42:52,205:INFO:display_container: 4
2022-01-14 16:42:52,206:INFO:GradientBoostingClassifier(ccp_alpha=0.0, criterion='friedman_mse', init=None,
                           learning_rate=0.1, loss='deviance', max_depth=3,
                           max_features=None, max_leaf_nodes=None,
                           min_impurity_decrease=0.0, min_samples_leaf=1,
                           min_samples_split=2, min_weight_fraction_leaf=0.0,
                           n_estimators=100, n_iter_no_change=None,
                           random_state=2969, subsample=1.0, tol=0.0001,
                           validation_fraction=0.1, verbose=0,
                           warm_start=False)
2022-01-14 16:42:52,206:INFO:create_model() succesfully completed......................................
2022-01-14 16:42:52,310:INFO:create_model_container: 18
2022-01-14 16:42:52,310:INFO:master_model_container: 18
2022-01-14 16:42:52,310:INFO:display_container: 3
2022-01-14 16:42:52,311:INFO:GradientBoostingClassifier(ccp_alpha=0.0, criterion='friedman_mse', init=None,
                           learning_rate=0.1, loss='deviance', max_depth=3,
                           max_features=None, max_leaf_nodes=None,
                           min_impurity_decrease=0.0, min_samples_leaf=1,
                           min_samples_split=2, min_weight_fraction_leaf=0.0,
                           n_estimators=100, n_iter_no_change=None,
                           random_state=2969, subsample=1.0, tol=0.0001,
                           validation_fraction=0.1, verbose=0,
                           warm_start=False)
2022-01-14 16:42:52,311:INFO:finalize_model() succesfully completed......................................
2022-01-14 16:43:24,737:INFO:Initializing finalize_model()
2022-01-14 16:43:24,737:INFO:finalize_model(estimator=GradientBoostingClassifier(ccp_alpha=0.0, criterion='friedman_mse', init=None,
                           learning_rate=0.1, loss='deviance', max_depth=3,
                           max_features=None, max_leaf_nodes=None,
                           min_impurity_decrease=0.0, min_samples_leaf=1,
                           min_samples_split=2, min_weight_fraction_leaf=0.0,
                           n_estimators=100, n_iter_no_change=None,
                           random_state=2969, subsample=1.0, tol=0.0001,
                           validation_fraction=0.1, verbose=0,
                           warm_start=False), fit_kwargs=None, groups=None, model_only=True, display=None)
2022-01-14 16:43:24,739:INFO:Finalizing GradientBoostingClassifier(ccp_alpha=0.0, criterion='friedman_mse', init=None,
                           learning_rate=0.1, loss='deviance', max_depth=3,
                           max_features=None, max_leaf_nodes=None,
                           min_impurity_decrease=0.0, min_samples_leaf=1,
                           min_samples_split=2, min_weight_fraction_leaf=0.0,
                           n_estimators=100, n_iter_no_change=None,
                           random_state=2969, subsample=1.0, tol=0.0001,
                           validation_fraction=0.1, verbose=0,
                           warm_start=False)
2022-01-14 16:43:24,742:INFO:Initializing create_model()
2022-01-14 16:43:24,742:INFO:create_model(estimator=GradientBoostingClassifier(ccp_alpha=0.0, criterion='friedman_mse', init=None,
                           learning_rate=0.1, loss='deviance', max_depth=3,
                           max_features=None, max_leaf_nodes=None,
                           min_impurity_decrease=0.0, min_samples_leaf=1,
                           min_samples_split=2, min_weight_fraction_leaf=0.0,
                           n_estimators=100, n_iter_no_change=None,
                           random_state=2969, subsample=1.0, tol=0.0001,
                           validation_fraction=0.1, verbose=0,
                           warm_start=False), fold=None, round=4, cross_validation=True, predict=True, fit_kwargs={}, groups=None, refit=True, verbose=False, system=False, metrics=None, display=None, kwargs={})
2022-01-14 16:43:24,742:INFO:Checking exceptions
2022-01-14 16:43:24,743:INFO:Importing libraries
2022-01-14 16:43:24,743:INFO:Copying training dataset
2022-01-14 16:43:24,744:INFO:Defining folds
2022-01-14 16:43:24,745:INFO:Declaring metric variables
2022-01-14 16:43:24,745:INFO:Importing untrained model
2022-01-14 16:43:24,745:INFO:Declaring custom model
2022-01-14 16:43:24,747:INFO:Gradient Boosting Classifier Imported succesfully
2022-01-14 16:43:24,747:INFO:Starting cross validation
2022-01-14 16:43:24,748:INFO:Cross validating with StratifiedKFold(n_splits=10, random_state=2969, shuffle=True), n_jobs=-1
2022-01-14 16:43:33,448:INFO:Calculating mean and std
2022-01-14 16:43:33,449:INFO:Creating metrics dataframe
2022-01-14 16:43:33,453:INFO:Finalizing model
2022-01-14 16:43:35,791:INFO:Uploading results into container
2022-01-14 16:43:35,791:INFO:Uploading model into container now
2022-01-14 16:43:35,791:INFO:create_model_container: 19
2022-01-14 16:43:35,791:INFO:master_model_container: 19
2022-01-14 16:43:35,791:INFO:display_container: 4
2022-01-14 16:43:35,791:INFO:GradientBoostingClassifier(ccp_alpha=0.0, criterion='friedman_mse', init=None,
                           learning_rate=0.1, loss='deviance', max_depth=3,
                           max_features=None, max_leaf_nodes=None,
                           min_impurity_decrease=0.0, min_samples_leaf=1,
                           min_samples_split=2, min_weight_fraction_leaf=0.0,
                           n_estimators=100, n_iter_no_change=None,
                           random_state=2969, subsample=1.0, tol=0.0001,
                           validation_fraction=0.1, verbose=0,
                           warm_start=False)
2022-01-14 16:43:35,791:INFO:create_model() succesfully completed......................................
2022-01-14 16:43:35,876:INFO:create_model_container: 19
2022-01-14 16:43:35,876:INFO:master_model_container: 19
2022-01-14 16:43:35,876:INFO:display_container: 3
2022-01-14 16:43:35,877:INFO:GradientBoostingClassifier(ccp_alpha=0.0, criterion='friedman_mse', init=None,
                           learning_rate=0.1, loss='deviance', max_depth=3,
                           max_features=None, max_leaf_nodes=None,
                           min_impurity_decrease=0.0, min_samples_leaf=1,
                           min_samples_split=2, min_weight_fraction_leaf=0.0,
                           n_estimators=100, n_iter_no_change=None,
                           random_state=2969, subsample=1.0, tol=0.0001,
                           validation_fraction=0.1, verbose=0,
                           warm_start=False)
2022-01-14 16:43:35,877:INFO:finalize_model() succesfully completed......................................
